0 verbose cli /usr/bin/node /usr/bin/npm
1 info using npm@11.3.0
2 info using node@v22.14.0
3 silly config load:file:/usr/lib/node_modules/npm/npmrc
4 silly config load:file:/home/mario/meu-sistema-vacinacao/.npmrc
5 silly config load:file:/home/mario/.npmrc
6 silly config load:file:/usr/etc/npmrc
7 verbose title npm install bootstrap react-bootstrap @popperjs/core bootstrap-icons
8 verbose argv "install" "bootstrap" "react-bootstrap" "@popperjs/core" "bootstrap-icons"
9 verbose logfile logs-max:10 dir:/home/mario/.npm/_logs/2025-04-26T23_02_07_944Z-
10 verbose logfile /home/mario/.npm/_logs/2025-04-26T23_02_07_944Z-debug-0.log
11 silly logfile start cleaning logs, removing 1 files
12 silly packumentCache heap:2197815296 maxSize:549453824 maxEntrySize:274726912
13 silly logfile done cleaning log files
14 silly idealTree buildDeps
15 silly fetch manifest bootstrap@*
16 silly packumentCache full:https://registry.npmjs.org/bootstrap cache-miss
17 http fetch GET 200 https://registry.npmjs.org/bootstrap 683ms (cache miss)
18 silly packumentCache full:https://registry.npmjs.org/bootstrap set size:undefined disposed:false
19 silly fetch manifest @popperjs/core@*
20 silly packumentCache full:https://registry.npmjs.org/@popperjs%2fcore cache-miss
21 http fetch GET 200 https://registry.npmjs.org/@popperjs%2fcore 309ms (cache miss)
22 silly packumentCache full:https://registry.npmjs.org/@popperjs%2fcore set size:undefined disposed:false
23 silly fetch manifest react-bootstrap@*
24 silly packumentCache full:https://registry.npmjs.org/react-bootstrap cache-miss
25 http fetch GET 200 https://registry.npmjs.org/react-bootstrap 65ms (cache miss)
26 silly packumentCache full:https://registry.npmjs.org/react-bootstrap set size:undefined disposed:false
27 silly fetch manifest @types/react@>=16.14.8
28 silly packumentCache full:https://registry.npmjs.org/@types%2freact cache-miss
29 http fetch GET 200 https://registry.npmjs.org/@types%2freact 135ms (cache updated)
30 silly packumentCache full:https://registry.npmjs.org/@types%2freact set size:undefined disposed:false
31 silly fetch manifest react@^19.1.0
32 silly packumentCache full:https://registry.npmjs.org/react cache-miss
33 http fetch GET 200 https://registry.npmjs.org/react 208ms (cache updated)
34 silly packumentCache full:https://registry.npmjs.org/react set size:undefined disposed:false
35 silly fetch manifest react-dom@^19.1.0
36 silly packumentCache full:https://registry.npmjs.org/react-dom cache-miss
37 http fetch GET 200 https://registry.npmjs.org/react-dom 304ms (cache updated)
38 silly packumentCache full:https://registry.npmjs.org/react-dom set size:undefined disposed:false
39 silly fetch manifest bootstrap-icons@*
40 silly packumentCache full:https://registry.npmjs.org/bootstrap-icons cache-miss
41 http fetch GET 200 https://registry.npmjs.org/bootstrap-icons 4200ms (cache miss)
42 silly packumentCache full:https://registry.npmjs.org/bootstrap-icons set size:undefined disposed:false
43 silly placeDep ROOT @popperjs/core@2.11.8 OK for: meu-sistema-vacinacao@0.1.0 want: *
44 silly placeDep ROOT bootstrap@5.3.5 OK for: meu-sistema-vacinacao@0.1.0 want: *
45 silly placeDep ROOT bootstrap-icons@1.11.3 OK for: meu-sistema-vacinacao@0.1.0 want: *
46 silly placeDep ROOT react-bootstrap@2.10.9 OK for: meu-sistema-vacinacao@0.1.0 want: *
47 silly fetch manifest @restart/hooks@^0.4.9
48 silly packumentCache full:https://registry.npmjs.org/@restart%2fhooks cache-miss
49 silly fetch manifest @restart/ui@^1.9.4
50 silly packumentCache full:https://registry.npmjs.org/@restart%2fui cache-miss
51 silly fetch manifest @types/prop-types@^15.7.12
52 silly packumentCache full:https://registry.npmjs.org/@types%2fprop-types cache-miss
53 silly fetch manifest @types/react-transition-group@^4.4.6
54 silly packumentCache full:https://registry.npmjs.org/@types%2freact-transition-group cache-miss
55 silly fetch manifest classnames@^2.3.2
56 silly packumentCache full:https://registry.npmjs.org/classnames cache-miss
57 silly fetch manifest dom-helpers@^5.2.1
58 silly packumentCache full:https://registry.npmjs.org/dom-helpers cache-miss
59 silly fetch manifest invariant@^2.2.4
60 silly packumentCache full:https://registry.npmjs.org/invariant cache-miss
61 http fetch GET 200 https://registry.npmjs.org/classnames 173ms (cache miss)
62 silly packumentCache full:https://registry.npmjs.org/classnames set size:undefined disposed:false
63 silly fetch manifest prop-types-extra@^1.1.0
64 silly packumentCache full:https://registry.npmjs.org/prop-types-extra cache-miss
65 http fetch GET 200 https://registry.npmjs.org/dom-helpers 176ms (cache miss)
66 silly packumentCache full:https://registry.npmjs.org/dom-helpers set size:undefined disposed:false
67 silly fetch manifest react-transition-group@^4.4.5
68 silly packumentCache full:https://registry.npmjs.org/react-transition-group cache-miss
69 http fetch GET 200 https://registry.npmjs.org/@types%2fprop-types 182ms (cache miss)
70 silly packumentCache full:https://registry.npmjs.org/@types%2fprop-types set size:undefined disposed:false
71 silly fetch manifest uncontrollable@^7.2.1
72 silly packumentCache full:https://registry.npmjs.org/uncontrollable cache-miss
73 http fetch GET 200 https://registry.npmjs.org/invariant 193ms (cache miss)
74 silly packumentCache full:https://registry.npmjs.org/invariant set size:undefined disposed:false
75 silly fetch manifest warning@^4.0.3
76 silly packumentCache full:https://registry.npmjs.org/warning cache-miss
77 http fetch GET 200 https://registry.npmjs.org/@types%2freact-transition-group 195ms (cache miss)
78 silly packumentCache full:https://registry.npmjs.org/@types%2freact-transition-group set size:undefined disposed:false
79 http fetch GET 200 https://registry.npmjs.org/uncontrollable 173ms (cache miss)
80 silly packumentCache full:https://registry.npmjs.org/uncontrollable set size:undefined disposed:false
81 http fetch GET 200 https://registry.npmjs.org/react-transition-group 180ms (cache miss)
82 silly packumentCache full:https://registry.npmjs.org/react-transition-group set size:undefined disposed:false
83 http fetch GET 200 https://registry.npmjs.org/warning 175ms (cache miss)
84 silly packumentCache full:https://registry.npmjs.org/warning set size:undefined disposed:false
85 http fetch GET 200 https://registry.npmjs.org/prop-types-extra 782ms (cache miss)
86 silly packumentCache full:https://registry.npmjs.org/prop-types-extra set size:undefined disposed:false
87 http fetch GET 200 https://registry.npmjs.org/@restart%2fhooks 1586ms (cache miss)
88 silly packumentCache full:https://registry.npmjs.org/@restart%2fhooks set size:undefined disposed:false
89 http fetch GET 200 https://registry.npmjs.org/@restart%2fui 2024ms (cache miss)
90 silly packumentCache full:https://registry.npmjs.org/@restart%2fui set size:undefined disposed:false
91 silly fetch manifest react@>=16.14.0
92 silly packumentCache full:https://registry.npmjs.org/react cache-miss
93 http cache https://registry.npmjs.org/react 30ms (cache hit)
94 silly packumentCache full:https://registry.npmjs.org/react set size:5633849 disposed:false
95 silly fetch manifest react-dom@>=16.14.0
96 silly packumentCache full:https://registry.npmjs.org/react-dom cache-miss
97 http cache https://registry.npmjs.org/react-dom 35ms (cache hit)
98 silly packumentCache full:https://registry.npmjs.org/react-dom set size:7127659 disposed:false
99 silly placeDep ROOT @restart/hooks@0.4.16 OK for: react-bootstrap@2.10.9 want: ^0.4.9
100 silly placeDep ROOT @restart/ui@1.9.4 OK for: react-bootstrap@2.10.9 want: ^1.9.4
101 silly placeDep ROOT @types/prop-types@15.7.14 OK for: react-bootstrap@2.10.9 want: ^15.7.12
102 silly placeDep ROOT @types/react-transition-group@4.4.12 OK for: react-bootstrap@2.10.9 want: ^4.4.6
103 silly placeDep ROOT @types/react@19.1.2 OK for: @types/react-transition-group@4.4.12 want: *
104 silly placeDep ROOT classnames@2.5.1 OK for: react-bootstrap@2.10.9 want: ^2.3.2
105 silly placeDep ROOT dom-helpers@5.2.1 OK for: react-bootstrap@2.10.9 want: ^5.2.1
106 silly placeDep ROOT invariant@2.2.4 OK for: react-bootstrap@2.10.9 want: ^2.2.4
107 silly placeDep ROOT prop-types-extra@1.1.1 OK for: react-bootstrap@2.10.9 want: ^1.1.0
108 silly placeDep ROOT react-transition-group@4.4.5 OK for: react-bootstrap@2.10.9 want: ^4.4.5
109 silly placeDep ROOT uncontrollable@7.2.1 OK for: react-bootstrap@2.10.9 want: ^7.2.1
110 silly placeDep ROOT warning@4.0.3 OK for: react-bootstrap@2.10.9 want: ^4.0.3
111 silly fetch manifest dom-helpers@^5.2.0
112 silly packumentCache full:https://registry.npmjs.org/dom-helpers cache-miss
113 silly fetch manifest @restart/hooks@^0.5.0
114 silly packumentCache full:https://registry.npmjs.org/@restart%2fhooks cache-miss
115 silly fetch manifest @types/warning@^3.0.3
116 silly packumentCache full:https://registry.npmjs.org/@types%2fwarning cache-miss
117 silly fetch manifest uncontrollable@^8.0.4
118 silly packumentCache full:https://registry.npmjs.org/uncontrollable cache-miss
119 silly fetch manifest @react-aria/ssr@^3.5.0
120 silly packumentCache full:https://registry.npmjs.org/@react-aria%2fssr cache-miss
121 silly fetch manifest csstype@^3.0.2
122 silly packumentCache full:https://registry.npmjs.org/csstype cache-miss
123 silly fetch manifest csstype@^3.0.2
124 silly packumentCache full:https://registry.npmjs.org/csstype cache-miss
125 http cache https://registry.npmjs.org/dom-helpers 21ms (cache hit)
126 silly packumentCache full:https://registry.npmjs.org/dom-helpers set size:68422 disposed:false
127 silly fetch manifest react-is@^16.3.2
128 silly packumentCache full:https://registry.npmjs.org/react-is cache-miss
129 http cache https://registry.npmjs.org/@restart%2fhooks 23ms (cache hit)
130 silly packumentCache full:https://registry.npmjs.org/@restart%2fhooks set size:179485 disposed:false
131 silly fetch manifest warning@^4.0.0
132 silly packumentCache full:https://registry.npmjs.org/warning cache-miss
133 http cache https://registry.npmjs.org/uncontrollable 27ms (cache hit)
134 silly packumentCache full:https://registry.npmjs.org/uncontrollable set size:116012 disposed:false
135 silly fetch manifest react-lifecycles-compat@^3.0.4
136 silly packumentCache full:https://registry.npmjs.org/react-lifecycles-compat cache-miss
137 http cache https://registry.npmjs.org/warning 16ms (cache hit)
138 silly packumentCache full:https://registry.npmjs.org/warning set size:22942 disposed:false
139 http fetch GET 200 https://registry.npmjs.org/csstype 118ms (cache updated)
140 silly packumentCache full:https://registry.npmjs.org/csstype set size:undefined disposed:false
141 http fetch GET 200 https://registry.npmjs.org/react-lifecycles-compat 99ms (cache miss)
142 silly packumentCache full:https://registry.npmjs.org/react-lifecycles-compat set size:undefined disposed:false
143 http fetch GET 200 https://registry.npmjs.org/csstype 190ms (cache updated)
144 silly packumentCache full:https://registry.npmjs.org/csstype set size:undefined disposed:false
145 http fetch GET 200 https://registry.npmjs.org/react-is 306ms (cache updated)
146 silly packumentCache full:https://registry.npmjs.org/react-is set size:undefined disposed:false
147 http fetch GET 200 https://registry.npmjs.org/@types%2fwarning 1462ms (cache miss)
148 silly packumentCache full:https://registry.npmjs.org/@types%2fwarning set size:undefined disposed:false
149 http fetch GET 200 https://registry.npmjs.org/@react-aria%2fssr 1566ms (cache miss)
150 silly packumentCache full:https://registry.npmjs.org/@react-aria%2fssr set size:undefined disposed:false
151 silly placeDep ROOT @react-aria/ssr@3.9.8 OK for: @restart/ui@1.9.4 want: ^3.5.0
152 silly placeDep node_modules/@restart/ui @restart/hooks@0.5.1 OK for: @restart/ui@1.9.4 want: ^0.5.0
153 silly placeDep ROOT @types/warning@3.0.3 OK for: @restart/ui@1.9.4 want: ^3.0.3
154 silly placeDep node_modules/@restart/ui uncontrollable@8.0.4 OK for: @restart/ui@1.9.4 want: ^8.0.4
155 silly fetch manifest @swc/helpers@^0.5.0
156 silly packumentCache full:https://registry.npmjs.org/@swc%2fhelpers cache-miss
157 http fetch GET 200 https://registry.npmjs.org/@swc%2fhelpers 377ms (cache updated)
158 silly packumentCache full:https://registry.npmjs.org/@swc%2fhelpers set size:undefined disposed:false
159 silly placeDep ROOT @swc/helpers@0.5.17 OK for: @react-aria/ssr@3.9.8 want: ^0.5.0
160 silly placeDep ROOT csstype@3.1.3 OK for: @types/react@19.1.2 want: ^3.0.2
161 silly placeDep node_modules/prop-types-extra react-is@16.13.1 OK for: prop-types-extra@1.1.1 want: ^16.3.2
162 silly placeDep ROOT react-lifecycles-compat@3.0.4 OK for: uncontrollable@7.2.1 want: ^3.0.4
163 silly reify moves {}
164 silly audit bulk request {
164 silly audit   '@adobe/css-tools': [ '4.4.2' ],
164 silly audit   '@alloc/quick-lru': [ '5.2.0' ],
164 silly audit   '@ampproject/remapping': [ '2.3.0' ],
164 silly audit   '@babel/code-frame': [ '7.26.2' ],
164 silly audit   '@babel/compat-data': [ '7.26.8' ],
164 silly audit   '@babel/core': [ '7.26.10' ],
164 silly audit   semver: [ '6.3.1', '7.7.1' ],
164 silly audit   '@babel/eslint-parser': [ '7.27.0' ],
164 silly audit   'eslint-visitor-keys': [ '2.1.0', '3.4.3' ],
164 silly audit   '@babel/generator': [ '7.27.0' ],
164 silly audit   '@babel/helper-annotate-as-pure': [ '7.25.9' ],
164 silly audit   '@babel/helper-compilation-targets': [ '7.27.0' ],
164 silly audit   '@babel/helper-create-class-features-plugin': [ '7.27.0' ],
164 silly audit   '@babel/helper-create-regexp-features-plugin': [ '7.27.0' ],
164 silly audit   '@babel/helper-define-polyfill-provider': [ '0.6.4' ],
164 silly audit   '@babel/helper-member-expression-to-functions': [ '7.25.9' ],
164 silly audit   '@babel/helper-module-imports': [ '7.25.9' ],
164 silly audit   '@babel/helper-module-transforms': [ '7.26.0' ],
164 silly audit   '@babel/helper-optimise-call-expression': [ '7.25.9' ],
164 silly audit   '@babel/helper-plugin-utils': [ '7.26.5' ],
164 silly audit   '@babel/helper-remap-async-to-generator': [ '7.25.9' ],
164 silly audit   '@babel/helper-replace-supers': [ '7.26.5' ],
164 silly audit   '@babel/helper-skip-transparent-expression-wrappers': [ '7.25.9' ],
164 silly audit   '@babel/helper-string-parser': [ '7.25.9' ],
164 silly audit   '@babel/helper-validator-identifier': [ '7.25.9' ],
164 silly audit   '@babel/helper-validator-option': [ '7.25.9' ],
164 silly audit   '@babel/helper-wrap-function': [ '7.25.9' ],
164 silly audit   '@babel/helpers': [ '7.27.0' ],
164 silly audit   '@babel/parser': [ '7.27.0' ],
164 silly audit   '@babel/plugin-bugfix-firefox-class-in-computed-class-key': [ '7.25.9' ],
164 silly audit   '@babel/plugin-bugfix-safari-class-field-initializer-scope': [ '7.25.9' ],
164 silly audit   '@babel/plugin-bugfix-safari-id-destructuring-collision-in-function-expression': [ '7.25.9' ],
164 silly audit   '@babel/plugin-bugfix-v8-spread-parameters-in-optional-chaining': [ '7.25.9' ],
164 silly audit   '@babel/plugin-bugfix-v8-static-class-fields-redefine-readonly': [ '7.25.9' ],
164 silly audit   '@babel/plugin-proposal-class-properties': [ '7.18.6' ],
164 silly audit   '@babel/plugin-proposal-decorators': [ '7.25.9' ],
164 silly audit   '@babel/plugin-proposal-nullish-coalescing-operator': [ '7.18.6' ],
164 silly audit   '@babel/plugin-proposal-numeric-separator': [ '7.18.6' ],
164 silly audit   '@babel/plugin-proposal-optional-chaining': [ '7.21.0' ],
164 silly audit   '@babel/plugin-proposal-private-methods': [ '7.18.6' ],
164 silly audit   '@babel/plugin-proposal-private-property-in-object': [ '7.21.0-placeholder-for-preset-env.2', '7.21.11' ],
164 silly audit   '@babel/plugin-syntax-async-generators': [ '7.8.4' ],
164 silly audit   '@babel/plugin-syntax-bigint': [ '7.8.3' ],
164 silly audit   '@babel/plugin-syntax-class-properties': [ '7.12.13' ],
164 silly audit   '@babel/plugin-syntax-class-static-block': [ '7.14.5' ],
164 silly audit   '@babel/plugin-syntax-decorators': [ '7.25.9' ],
164 silly audit   '@babel/plugin-syntax-flow': [ '7.26.0' ],
164 silly audit   '@babel/plugin-syntax-import-assertions': [ '7.26.0' ],
164 silly audit   '@babel/plugin-syntax-import-attributes': [ '7.26.0' ],
164 silly audit   '@babel/plugin-syntax-import-meta': [ '7.10.4' ],
164 silly audit   '@babel/plugin-syntax-json-strings': [ '7.8.3' ],
164 silly audit   '@babel/plugin-syntax-jsx': [ '7.25.9' ],
164 silly audit   '@babel/plugin-syntax-logical-assignment-operators': [ '7.10.4' ],
164 silly audit   '@babel/plugin-syntax-nullish-coalescing-operator': [ '7.8.3' ],
164 silly audit   '@babel/plugin-syntax-numeric-separator': [ '7.10.4' ],
164 silly audit   '@babel/plugin-syntax-object-rest-spread': [ '7.8.3' ],
164 silly audit   '@babel/plugin-syntax-optional-catch-binding': [ '7.8.3' ],
164 silly audit   '@babel/plugin-syntax-optional-chaining': [ '7.8.3' ],
164 silly audit   '@babel/plugin-syntax-private-property-in-object': [ '7.14.5' ],
164 silly audit   '@babel/plugin-syntax-top-level-await': [ '7.14.5' ],
164 silly audit   '@babel/plugin-syntax-typescript': [ '7.25.9' ],
164 silly audit   '@babel/plugin-syntax-unicode-sets-regex': [ '7.18.6' ],
164 silly audit   '@babel/plugin-transform-arrow-functions': [ '7.25.9' ],
164 silly audit   '@babel/plugin-transform-async-generator-functions': [ '7.26.8' ],
164 silly audit   '@babel/plugin-transform-async-to-generator': [ '7.25.9' ],
164 silly audit   '@babel/plugin-transform-block-scoped-functions': [ '7.26.5' ],
164 silly audit   '@babel/plugin-transform-block-scoping': [ '7.27.0' ],
164 silly audit   '@babel/plugin-transform-class-properties': [ '7.25.9' ],
164 silly audit   '@babel/plugin-transform-class-static-block': [ '7.26.0' ],
164 silly audit   '@babel/plugin-transform-classes': [ '7.25.9' ],
164 silly audit   '@babel/plugin-transform-computed-properties': [ '7.25.9' ],
164 silly audit   '@babel/plugin-transform-destructuring': [ '7.25.9' ],
164 silly audit   '@babel/plugin-transform-dotall-regex': [ '7.25.9' ],
164 silly audit   '@babel/plugin-transform-duplicate-keys': [ '7.25.9' ],
164 silly audit   '@babel/plugin-transform-duplicate-named-capturing-groups-regex': [ '7.25.9' ],
164 silly audit   '@babel/plugin-transform-dynamic-import': [ '7.25.9' ],
164 silly audit   '@babel/plugin-transform-exponentiation-operator': [ '7.26.3' ],
164 silly audit   '@babel/plugin-transform-export-namespace-from': [ '7.25.9' ],
164 silly audit   '@babel/plugin-transform-flow-strip-types': [ '7.26.5' ],
164 silly audit   '@babel/plugin-transform-for-of': [ '7.26.9' ],
164 silly audit   '@babel/plugin-transform-function-name': [ '7.25.9' ],
164 silly audit   '@babel/plugin-transform-json-strings': [ '7.25.9' ],
164 silly audit   '@babel/plugin-transform-literals': [ '7.25.9' ],
164 silly audit   '@babel/plugin-transform-logical-assignment-operators': [ '7.25.9' ],
164 silly audit   '@babel/plugin-transform-member-expression-literals': [ '7.25.9' ],
164 silly audit   '@babel/plugin-transform-modules-amd': [ '7.25.9' ],
164 silly audit   '@babel/plugin-transform-modules-commonjs': [ '7.26.3' ],
164 silly audit   '@babel/plugin-transform-modules-systemjs': [ '7.25.9' ],
164 silly audit   '@babel/plugin-transform-modules-umd': [ '7.25.9' ],
164 silly audit   '@babel/plugin-transform-named-capturing-groups-regex': [ '7.25.9' ],
164 silly audit   '@babel/plugin-transform-new-target': [ '7.25.9' ],
164 silly audit   '@babel/plugin-transform-nullish-coalescing-operator': [ '7.26.6' ],
164 silly audit   '@babel/plugin-transform-numeric-separator': [ '7.25.9' ],
164 silly audit   '@babel/plugin-transform-object-rest-spread': [ '7.25.9' ],
164 silly audit   '@babel/plugin-transform-object-super': [ '7.25.9' ],
164 silly audit   '@babel/plugin-transform-optional-catch-binding': [ '7.25.9' ],
164 silly audit   '@babel/plugin-transform-optional-chaining': [ '7.25.9' ],
164 silly audit   '@babel/plugin-transform-parameters': [ '7.25.9' ],
164 silly audit   '@babel/plugin-transform-private-methods': [ '7.25.9' ],
164 silly audit   '@babel/plugin-transform-private-property-in-object': [ '7.25.9' ],
164 silly audit   '@babel/plugin-transform-property-literals': [ '7.25.9' ],
164 silly audit   '@babel/plugin-transform-react-constant-elements': [ '7.25.9' ],
164 silly audit   '@babel/plugin-transform-react-display-name': [ '7.25.9' ],
164 silly audit   '@babel/plugin-transform-react-jsx': [ '7.25.9' ],
164 silly audit   '@babel/plugin-transform-react-jsx-development': [ '7.25.9' ],
164 silly audit   '@babel/plugin-transform-react-pure-annotations': [ '7.25.9' ],
164 silly audit   '@babel/plugin-transform-regenerator': [ '7.27.0' ],
164 silly audit   '@babel/plugin-transform-regexp-modifiers': [ '7.26.0' ],
164 silly audit   '@babel/plugin-transform-reserved-words': [ '7.25.9' ],
164 silly audit   '@babel/plugin-transform-runtime': [ '7.26.10' ],
164 silly audit   '@babel/plugin-transform-shorthand-properties': [ '7.25.9' ],
164 silly audit   '@babel/plugin-transform-spread': [ '7.25.9' ],
164 silly audit   '@babel/plugin-transform-sticky-regex': [ '7.25.9' ],
164 silly audit   '@babel/plugin-transform-template-literals': [ '7.26.8' ],
164 silly audit   '@babel/plugin-transform-typeof-symbol': [ '7.27.0' ],
164 silly audit   '@babel/plugin-transform-typescript': [ '7.27.0' ],
164 silly audit   '@babel/plugin-transform-unicode-escapes': [ '7.25.9' ],
164 silly audit   '@babel/plugin-transform-unicode-property-regex': [ '7.25.9' ],
164 silly audit   '@babel/plugin-transform-unicode-regex': [ '7.25.9' ],
164 silly audit   '@babel/plugin-transform-unicode-sets-regex': [ '7.25.9' ],
164 silly audit   '@babel/preset-env': [ '7.26.9' ],
164 silly audit   '@babel/preset-modules': [ '0.1.6-no-external-plugins' ],
164 silly audit   '@babel/preset-react': [ '7.26.3' ],
164 silly audit   '@babel/preset-typescript': [ '7.27.0' ],
164 silly audit   '@babel/runtime': [ '7.27.0' ],
164 silly audit   '@babel/template': [ '7.27.0' ],
164 silly audit   '@babel/traverse': [ '7.27.0' ],
164 silly audit   '@babel/types': [ '7.27.0' ],
164 silly audit   '@bcoe/v8-coverage': [ '0.2.3' ],
164 silly audit   '@csstools/normalize.css': [ '12.1.1' ],
164 silly audit   '@csstools/postcss-cascade-layers': [ '1.1.1' ],
164 silly audit   '@csstools/postcss-color-function': [ '1.1.1' ],
164 silly audit   '@csstools/postcss-font-format-keywords': [ '1.0.1' ],
164 silly audit   '@csstools/postcss-hwb-function': [ '1.0.2' ],
164 silly audit   '@csstools/postcss-ic-unit': [ '1.0.1' ],
164 silly audit   '@csstools/postcss-is-pseudo-class': [ '2.0.7' ],
164 silly audit   '@csstools/postcss-nested-calc': [ '1.0.0' ],
164 silly audit   '@csstools/postcss-normalize-display-values': [ '1.0.1' ],
164 silly audit   '@csstools/postcss-oklab-function': [ '1.1.1' ],
164 silly audit   '@csstools/postcss-progressive-custom-properties': [ '1.3.0' ],
164 silly audit   '@csstools/postcss-stepped-value-functions': [ '1.0.1' ],
164 silly audit   '@csstools/postcss-text-decoration-shorthand': [ '1.0.0' ],
164 silly audit   '@csstools/postcss-trigonometric-functions': [ '1.0.2' ],
164 silly audit   '@csstools/postcss-unset-value': [ '1.0.2' ],
164 silly audit   '@csstools/selector-specificity': [ '2.2.0' ],
164 silly audit   '@eslint-community/eslint-utils': [ '4.6.1' ],
164 silly audit   '@eslint-community/regexpp': [ '4.12.1' ],
164 silly audit   '@eslint/eslintrc': [ '2.1.4' ],
164 silly audit   argparse: [ '2.0.1', '1.0.10' ],
164 silly audit   globals: [ '13.24.0', '11.12.0' ],
164 silly audit   'js-yaml': [ '4.1.0', '3.14.1' ],
164 silly audit   'type-fest': [ '0.20.2', '0.16.0', '0.21.3' ],
164 silly audit   '@eslint/js': [ '8.57.1' ],
164 silly audit   '@fast-csv/format': [ '4.3.5' ],
164 silly audit   '@types/node': [ '14.18.63', '22.15.2' ],
164 silly audit   '@fast-csv/parse': [ '4.3.6' ],
164 silly audit   '@humanwhocodes/config-array': [ '0.13.0' ],
164 silly audit   '@humanwhocodes/module-importer': [ '1.0.1' ],
164 silly audit   '@humanwhocodes/object-schema': [ '2.0.3' ],
164 silly audit   '@isaacs/cliui': [ '8.0.2' ],
164 silly audit   'ansi-regex': [ '6.1.0', '5.0.1' ],
164 silly audit   'ansi-styles': [ '6.2.1', '4.3.0', '3.2.1', '5.2.0' ],
164 silly audit   'string-width': [ '5.1.2', '4.2.3' ],
164 silly audit   'strip-ansi': [ '7.1.0', '6.0.1' ],
164 silly audit   'wrap-ansi': [ '8.1.0', '7.0.0' ],
164 silly audit   '@istanbuljs/load-nyc-config': [ '1.1.0' ],
164 silly audit   camelcase: [ '5.3.1', '6.3.0' ],
164 silly audit   '@istanbuljs/schema': [ '0.1.3' ],
164 silly audit   '@jest/console': [ '27.5.1', '28.1.3' ],
164 silly audit   '@jest/core': [ '27.5.1' ],
164 silly audit   '@jest/environment': [ '27.5.1' ],
164 silly audit   '@jest/fake-timers': [ '27.5.1' ],
164 silly audit   '@jest/globals': [ '27.5.1' ],
164 silly audit   '@jest/reporters': [ '27.5.1' ],
164 silly audit   'source-map': [ '0.6.1', '0.7.4', '0.8.0-beta.0' ],
164 silly audit   '@jest/schemas': [ '28.1.3' ],
164 silly audit   '@jest/source-map': [ '27.5.1' ],
164 silly audit   '@jest/test-result': [ '27.5.1', '28.1.3' ],
164 silly audit   '@jest/test-sequencer': [ '27.5.1' ],
164 silly audit   '@jest/transform': [ '27.5.1' ],
164 silly audit   'convert-source-map': [ '1.9.0', '2.0.0' ],
164 silly audit   '@jest/types': [ '27.5.1', '28.1.3' ],
164 silly audit   '@jridgewell/gen-mapping': [ '0.3.8' ],
164 silly audit   '@jridgewell/resolve-uri': [ '3.1.2' ],
164 silly audit   '@jridgewell/set-array': [ '1.2.1' ],
164 silly audit   '@jridgewell/source-map': [ '0.3.6' ],
164 silly audit   '@jridgewell/sourcemap-codec': [ '1.5.0' ],
164 silly audit   '@jridgewell/trace-mapping': [ '0.3.25' ],
164 silly audit   '@leichtgewicht/ip-codec': [ '2.0.5' ],
164 silly audit   '@nicolo-ribaudo/eslint-scope-5-internals': [ '5.1.1-v1' ],
164 silly audit   'eslint-scope': [ '5.1.1', '7.2.2' ],
164 silly audit   estraverse: [ '4.3.0', '5.3.0' ],
164 silly audit   '@nodelib/fs.scandir': [ '2.1.5' ],
164 silly audit   '@nodelib/fs.stat': [ '2.0.5' ],
164 silly audit   '@nodelib/fs.walk': [ '1.2.8' ],
164 silly audit   '@pkgjs/parseargs': [ '0.11.0' ],
164 silly audit   '@pmmmwh/react-refresh-webpack-plugin': [ '0.5.16' ],
164 silly audit   '@rollup/plugin-babel': [ '5.3.1' ],
164 silly audit   '@rollup/plugin-node-resolve': [ '11.2.1' ],
164 silly audit   '@rollup/plugin-replace': [ '2.4.2' ],
164 silly audit   '@rollup/pluginutils': [ '3.1.0' ],
164 silly audit   '@types/estree': [ '0.0.39', '1.0.7' ],
164 silly audit   '@rtsao/scc': [ '1.1.0' ],
164 silly audit   '@rushstack/eslint-patch': [ '1.11.0' ],
164 silly audit   '@sinclair/typebox': [ '0.24.51' ],
164 silly audit   '@sinonjs/commons': [ '1.8.6' ],
164 silly audit   '@sinonjs/fake-timers': [ '8.1.0' ],
164 silly audit   '@surma/rollup-plugin-off-main-thread': [ '2.2.3' ],
164 silly audit   '@svgr/babel-plugin-add-jsx-attribute': [ '5.4.0' ],
164 silly audit   '@svgr/babel-plugin-remove-jsx-attribute': [ '5.4.0' ],
164 silly audit   '@svgr/babel-plugin-remove-jsx-empty-expression': [ '5.0.1' ],
164 silly audit   '@svgr/babel-plugin-replace-jsx-attribute-value': [ '5.0.1' ],
164 silly audit   '@svgr/babel-plugin-svg-dynamic-title': [ '5.4.0' ],
164 silly audit   '@svgr/babel-plugin-svg-em-dimensions': [ '5.4.0' ],
164 silly audit   '@svgr/babel-plugin-transform-react-native-svg': [ '5.4.0' ],
164 silly audit   '@svgr/babel-plugin-transform-svg-component': [ '5.5.0' ],
164 silly audit   '@svgr/babel-preset': [ '5.5.0' ],
164 silly audit   '@svgr/core': [ '5.5.0' ],
164 silly audit   '@svgr/hast-util-to-babel-ast': [ '5.5.0' ],
164 silly audit   '@svgr/plugin-jsx': [ '5.5.0' ],
164 silly audit   '@svgr/plugin-svgo': [ '5.5.0' ],
164 silly audit   '@svgr/webpack': [ '5.5.0' ],
164 silly audit   '@testing-library/dom': [ '10.4.0' ],
164 silly audit   'aria-query': [ '5.3.0', '5.3.2' ],
164 silly audit   '@testing-library/jest-dom': [ '6.6.3' ],
164 silly audit   chalk: [ '3.0.0', '4.1.2', '2.4.2' ],
164 silly audit   'dom-accessibility-api': [ '0.6.3', '0.5.16' ],
164 silly audit   '@testing-library/react': [ '16.3.0' ],
164 silly audit   '@testing-library/user-event': [ '13.5.0' ],
164 silly audit   '@tootallnate/once': [ '1.1.2' ],
164 silly audit   '@trysound/sax': [ '0.2.0' ],
164 silly audit   '@types/aria-query': [ '5.0.4' ],
164 silly audit   '@types/babel__core': [ '7.20.5' ],
164 silly audit   '@types/babel__generator': [ '7.27.0' ],
164 silly audit   '@types/babel__template': [ '7.4.4' ],
164 silly audit   '@types/babel__traverse': [ '7.20.7' ],
164 silly audit   '@types/body-parser': [ '1.19.5' ],
164 silly audit   '@types/bonjour': [ '3.5.13' ],
164 silly audit   '@types/connect': [ '3.4.38' ],
164 silly audit   '@types/connect-history-api-fallback': [ '1.5.4' ],
164 silly audit   '@types/eslint': [ '8.56.12' ],
164 silly audit   '@types/eslint-scope': [ '3.7.7' ],
164 silly audit   '@types/express': [ '4.17.21' ],
164 silly audit   '@types/express-serve-static-core': [ '5.0.6', '4.19.6' ],
164 silly audit   '@types/graceful-fs': [ '4.1.9' ],
164 silly audit   '@types/html-minifier-terser': [ '6.1.0' ],
164 silly audit   '@types/http-errors': [ '2.0.4' ],
164 silly audit   '@types/http-proxy': [ '1.17.16' ],
164 silly audit   '@types/istanbul-lib-coverage': [ '2.0.6' ],
164 silly audit   '@types/istanbul-lib-report': [ '3.0.3' ],
164 silly audit   '@types/istanbul-reports': [ '3.0.4' ],
164 silly audit   '@types/json-schema': [ '7.0.15' ],
164 silly audit   '@types/json5': [ '0.0.29' ],
164 silly audit   '@types/mime': [ '1.3.5' ],
164 silly audit   '@types/node-forge': [ '1.3.11' ],
164 silly audit   '@types/parse-json': [ '4.0.2' ],
164 silly audit   '@types/prettier': [ '2.7.3' ],
164 silly audit   '@types/q': [ '1.5.8' ],
164 silly audit   '@types/qs': [ '6.9.18' ],
164 silly audit   '@types/range-parser': [ '1.2.7' ],
164 silly audit   '@types/resolve': [ '1.17.1' ],
164 silly audit   '@types/retry': [ '0.12.0' ],
164 silly audit   '@types/semver': [ '7.7.0' ],
164 silly audit   '@types/send': [ '0.17.4' ],
164 silly audit   '@types/serve-index': [ '1.9.4' ],
164 silly audit   '@types/serve-static': [ '1.15.7' ],
164 silly audit   '@types/sockjs': [ '0.3.36' ],
164 silly audit   '@types/stack-utils': [ '2.0.3' ],
164 silly audit   '@types/trusted-types': [ '2.0.7' ],
164 silly audit   '@types/ws': [ '8.18.1' ],
164 silly audit   '@types/yargs': [ '16.0.9', '17.0.33' ],
164 silly audit   '@types/yargs-parser': [ '21.0.3' ],
164 silly audit   '@typescript-eslint/eslint-plugin': [ '5.62.0' ],
164 silly audit   '@typescript-eslint/experimental-utils': [ '5.62.0' ],
164 silly audit   '@typescript-eslint/parser': [ '5.62.0' ],
164 silly audit   '@typescript-eslint/scope-manager': [ '5.62.0' ],
164 silly audit   '@typescript-eslint/type-utils': [ '5.62.0' ],
164 silly audit   '@typescript-eslint/types': [ '5.62.0' ],
164 silly audit   '@typescript-eslint/typescript-estree': [ '5.62.0' ],
164 silly audit   '@typescript-eslint/utils': [ '5.62.0' ],
164 silly audit   '@typescript-eslint/visitor-keys': [ '5.62.0' ],
164 silly audit   '@ungap/structured-clone': [ '1.3.0' ],
164 silly audit   '@webassemblyjs/ast': [ '1.14.1' ],
164 silly audit   '@webassemblyjs/floating-point-hex-parser': [ '1.13.2' ],
164 silly audit   '@webassemblyjs/helper-api-error': [ '1.13.2' ],
164 silly audit   '@webassemblyjs/helper-buffer': [ '1.14.1' ],
164 silly audit   '@webassemblyjs/helper-numbers': [ '1.13.2' ],
164 silly audit   '@webassemblyjs/helper-wasm-bytecode': [ '1.13.2' ],
164 silly audit   '@webassemblyjs/helper-wasm-section': [ '1.14.1' ],
164 silly audit   '@webassemblyjs/ieee754': [ '1.13.2' ],
164 silly audit   '@webassemblyjs/leb128': [ '1.13.2' ],
164 silly audit   '@webassemblyjs/utf8': [ '1.13.2' ],
164 silly audit   '@webassemblyjs/wasm-edit': [ '1.14.1' ],
164 silly audit   '@webassemblyjs/wasm-gen': [ '1.14.1' ],
164 silly audit   '@webassemblyjs/wasm-opt': [ '1.14.1' ],
164 silly audit   '@webassemblyjs/wasm-parser': [ '1.14.1' ],
164 silly audit   '@webassemblyjs/wast-printer': [ '1.14.1' ],
164 silly audit   '@xtuc/ieee754': [ '1.2.0' ],
164 silly audit   '@xtuc/long': [ '4.2.2' ],
164 silly audit   abab: [ '2.0.6' ],
164 silly audit   accepts: [ '1.3.8' ],
164 silly audit   negotiator: [ '0.6.3', '0.6.4' ],
164 silly audit   acorn: [ '8.14.1', '7.4.1' ],
164 silly audit   'acorn-globals': [ '6.0.0' ],
164 silly audit   'acorn-jsx': [ '5.3.2' ],
164 silly audit   'acorn-walk': [ '7.2.0' ],
164 silly audit   address: [ '1.2.2' ],
164 silly audit   'adjust-sourcemap-loader': [ '4.0.0' ],
164 silly audit   'agent-base': [ '6.0.2' ],
164 silly audit   ajv: [ '6.12.6', '8.17.1' ],
164 silly audit   'ajv-formats': [ '2.1.1' ],
164 silly audit   'json-schema-traverse': [ '1.0.0', '0.4.1' ],
164 silly audit   'ajv-keywords': [ '3.5.2', '5.1.0' ],
164 silly audit   'ansi-escapes': [ '4.3.2' ],
164 silly audit   'ansi-html': [ '0.0.9' ],
164 silly audit   'ansi-html-community': [ '0.0.8' ],
164 silly audit   'any-promise': [ '1.3.0' ],
164 silly audit   anymatch: [ '3.1.3' ],
164 silly audit   archiver: [ '5.3.2' ],
164 silly audit   'archiver-utils': [ '2.1.0', '3.0.4' ],
164 silly audit   isarray: [ '1.0.0', '2.0.5' ],
164 silly audit   'readable-stream': [ '2.3.8', '3.6.2' ],
164 silly audit   'safe-buffer': [ '5.1.2', '5.2.1' ],
164 silly audit   string_decoder: [ '1.1.1', '1.3.0' ],
164 silly audit   arg: [ '5.0.2' ],
164 silly audit   'array-buffer-byte-length': [ '1.0.2' ],
164 silly audit   'array-flatten': [ '1.1.1' ],
164 silly audit   'array-includes': [ '3.1.8' ],
164 silly audit   'array-union': [ '2.1.0' ],
164 silly audit   'array.prototype.findlast': [ '1.2.5' ],
164 silly audit   'array.prototype.findlastindex': [ '1.2.6' ],
164 silly audit   'array.prototype.flat': [ '1.3.3' ],
164 silly audit   'array.prototype.flatmap': [ '1.3.3' ],
164 silly audit   'array.prototype.reduce': [ '1.0.8' ],
164 silly audit   'array.prototype.tosorted': [ '1.1.4' ],
164 silly audit   'arraybuffer.prototype.slice': [ '1.0.4' ],
164 silly audit   asap: [ '2.0.6' ],
164 silly audit   'ast-types-flow': [ '0.0.8' ],
164 silly audit   async: [ '3.2.6' ],
164 silly audit   'async-function': [ '1.0.0' ],
164 silly audit   asynckit: [ '0.4.0' ],
164 silly audit   'at-least-node': [ '1.0.0' ],
164 silly audit   autoprefixer: [ '10.4.21' ],
164 silly audit   'available-typed-arrays': [ '1.0.7' ],
164 silly audit   'axe-core': [ '4.10.3' ],
164 silly audit   'axobject-query': [ '4.1.0' ],
164 silly audit   'babel-jest': [ '27.5.1' ],
164 silly audit   'babel-loader': [ '8.4.1' ],
164 silly audit   'schema-utils': [ '2.7.1', '3.3.0', '2.7.0', '4.3.2' ],
164 silly audit   'babel-plugin-istanbul': [ '6.1.1' ],
164 silly audit   'babel-plugin-jest-hoist': [ '27.5.1' ],
164 silly audit   'babel-plugin-macros': [ '3.1.0' ],
164 silly audit   'babel-plugin-named-asset-import': [ '0.3.8' ],
164 silly audit   'babel-plugin-polyfill-corejs2': [ '0.4.13' ],
164 silly audit   'babel-plugin-polyfill-corejs3': [ '0.11.1' ],
164 silly audit   'babel-plugin-polyfill-regenerator': [ '0.6.4' ],
164 silly audit   'babel-plugin-transform-react-remove-prop-types': [ '0.4.24' ],
164 silly audit   'babel-preset-current-node-syntax': [ '1.1.0' ],
164 silly audit   'babel-preset-jest': [ '27.5.1' ],
164 silly audit   'babel-preset-react-app': [ '10.1.0' ],
164 silly audit   'balanced-match': [ '1.0.2' ],
164 silly audit   'base64-js': [ '1.5.1' ],
164 silly audit   batch: [ '0.6.1' ],
164 silly audit   bfj: [ '7.1.0' ],
164 silly audit   'big-integer': [ '1.6.52' ],
164 silly audit   'big.js': [ '5.2.2' ],
164 silly audit   binary: [ '0.3.0' ],
164 silly audit   'binary-extensions': [ '2.3.0' ],
164 silly audit   bl: [ '4.1.0' ],
164 silly audit   bluebird: [ '3.7.2', '3.4.7' ],
164 silly audit   'body-parser': [ '1.20.3' ],
164 silly audit   debug: [ '2.6.9', '4.4.0', '3.2.7' ],
164 silly audit   'iconv-lite': [ '0.4.24', '0.6.3' ],
164 silly audit   ms: [ '2.0.0', '2.1.3' ],
164 silly audit   'bonjour-service': [ '1.3.0' ],
164 silly audit   boolbase: [ '1.0.0' ],
164 silly audit   'brace-expansion': [ '1.1.11', '2.0.1' ],
164 silly audit   braces: [ '3.0.3' ],
164 silly audit   'browser-process-hrtime': [ '1.0.0' ],
164 silly audit   browserslist: [ '4.24.4' ],
164 silly audit   bser: [ '2.1.1' ],
164 silly audit   buffer: [ '5.7.1' ],
164 silly audit   'buffer-crc32': [ '0.2.13' ],
164 silly audit   'buffer-from': [ '1.1.2' ],
164 silly audit   'buffer-indexof-polyfill': [ '1.0.2' ],
164 silly audit   buffers: [ '0.1.1' ],
164 silly audit   'builtin-modules': [ '3.3.0' ],
164 silly audit   bytes: [ '3.1.2' ],
164 silly audit   'call-bind': [ '1.0.8' ],
164 silly audit   'call-bind-apply-helpers': [ '1.0.2' ],
164 silly audit   'call-bound': [ '1.0.4' ],
164 silly audit   callsites: [ '3.1.0' ],
164 silly audit   'camel-case': [ '4.1.2' ],
164 silly audit   'camelcase-css': [ '2.0.1' ],
164 silly audit   'caniuse-api': [ '3.0.0' ],
164 silly audit   'caniuse-lite': [ '1.0.30001715' ],
164 silly audit   'case-sensitive-paths-webpack-plugin': [ '2.4.0' ],
164 silly audit   chainsaw: [ '0.1.0' ],
164 silly audit   'char-regex': [ '1.0.2', '2.0.2' ],
164 silly audit   'check-types': [ '11.2.3' ],
164 silly audit   chokidar: [ '3.6.0' ],
164 silly audit   'glob-parent': [ '5.1.2', '6.0.2' ],
164 silly audit   'chrome-trace-event': [ '1.0.4' ],
164 silly audit   'ci-info': [ '3.9.0' ],
164 silly audit   'cjs-module-lexer': [ '1.4.3' ],
164 silly audit   'clean-css': [ '5.3.3' ],
164 silly audit   cliui: [ '7.0.4' ],
164 silly audit   co: [ '4.6.0' ],
164 silly audit   coa: [ '2.0.2' ],
164 silly audit   'color-convert': [ '1.9.3', '2.0.1' ],
164 silly audit   'color-name': [ '1.1.3', '1.1.4' ],
164 silly audit   'escape-string-regexp': [ '1.0.5', '4.0.0', '2.0.0' ],
164 silly audit   'has-flag': [ '3.0.0', '4.0.0' ],
164 silly audit   'supports-color': [ '5.5.0', '8.1.1', '7.2.0' ],
164 silly audit   'collect-v8-coverage': [ '1.0.2' ],
164 silly audit   colord: [ '2.9.3' ],
164 silly audit   colorette: [ '2.0.20' ],
164 silly audit   'combined-stream': [ '1.0.8' ],
164 silly audit   commander: [ '8.3.0', '7.2.0', '4.1.1', '2.20.3' ],
164 silly audit   'common-tags': [ '1.8.2' ],
164 silly audit   commondir: [ '1.0.1' ],
164 silly audit   'compress-commons': [ '4.1.2' ],
164 silly audit   compressible: [ '2.0.18' ],
164 silly audit   compression: [ '1.8.0' ],
164 silly audit   'concat-map': [ '0.0.1' ],
164 silly audit   'confusing-browser-globals': [ '1.0.11' ],
164 silly audit   'connect-history-api-fallback': [ '2.0.0' ],
164 silly audit   'content-disposition': [ '0.5.4' ],
164 silly audit   'content-type': [ '1.0.5' ],
164 silly audit   cookie: [ '0.7.1', '1.0.2' ],
164 silly audit   'cookie-signature': [ '1.0.6' ],
164 silly audit   'core-js': [ '3.41.0' ],
164 silly audit   'core-js-compat': [ '3.41.0' ],
164 silly audit   'core-js-pure': [ '3.41.0' ],
164 silly audit   'core-util-is': [ '1.0.3' ],
164 silly audit   cosmiconfig: [ '7.1.0', '6.0.0' ],
164 silly audit   'crc-32': [ '1.2.2' ],
164 silly audit   'crc32-stream': [ '4.0.3' ],
164 silly audit   'cross-spawn': [ '7.0.6' ],
164 silly audit   'crypto-random-string': [ '2.0.0' ],
164 silly audit   'css-blank-pseudo': [ '3.0.3' ],
164 silly audit   'css-declaration-sorter': [ '6.4.1' ],
164 silly audit   'css-has-pseudo': [ '3.0.4' ],
164 silly audit   'css-loader': [ '6.11.0' ],
164 silly audit   'css-minimizer-webpack-plugin': [ '3.4.1' ],
164 silly audit   'css-prefers-color-scheme': [ '6.0.3' ],
164 silly audit   'css-select': [ '4.3.0', '2.1.0' ],
164 silly audit   'css-select-base-adapter': [ '0.1.1' ],
164 silly audit   'css-tree': [ '1.0.0-alpha.37', '1.1.3' ],
164 silly audit   'css-what': [ '6.1.0', '3.4.2' ],
164 silly audit   'css.escape': [ '1.5.1' ],
164 silly audit   cssdb: [ '7.11.2' ],
164 silly audit   cssesc: [ '3.0.0' ],
164 silly audit   cssnano: [ '5.1.15' ],
164 silly audit   'cssnano-preset-default': [ '5.2.14' ],
164 silly audit   'cssnano-utils': [ '3.1.0' ],
164 silly audit   csso: [ '4.2.0' ],
164 silly audit   'mdn-data': [ '2.0.14', '2.0.4' ],
164 silly audit   cssom: [ '0.4.4', '0.3.8' ],
164 silly audit   cssstyle: [ '2.3.0' ],
164 silly audit   'damerau-levenshtein': [ '1.0.8' ],
164 silly audit   'data-urls': [ '2.0.0' ],
164 silly audit   'data-view-buffer': [ '1.0.2' ],
164 silly audit   'data-view-byte-length': [ '1.0.2' ],
164 silly audit   'data-view-byte-offset': [ '1.0.1' ],
164 silly audit   dayjs: [ '1.11.13' ],
164 silly audit   'decimal.js': [ '10.5.0' ],
164 silly audit   dedent: [ '0.7.0' ],
164 silly audit   'deep-is': [ '0.1.4' ],
164 silly audit   deepmerge: [ '4.3.1' ],
164 silly audit   'default-gateway': [ '6.0.3' ],
164 silly audit   'define-data-property': [ '1.1.4' ],
164 silly audit   'define-lazy-prop': [ '2.0.0' ],
164 silly audit   'define-properties': [ '1.2.1' ],
164 silly audit   'delayed-stream': [ '1.0.0' ],
164 silly audit   depd: [ '2.0.0', '1.1.2' ],
164 silly audit   dequal: [ '2.0.3' ],
164 silly audit   destroy: [ '1.2.0' ],
164 silly audit   'detect-newline': [ '3.1.0' ],
164 silly audit   'detect-node': [ '2.1.0' ],
164 silly audit   'detect-port-alt': [ '1.1.6' ],
164 silly audit   didyoumean: [ '1.2.2' ],
164 silly audit   'diff-sequences': [ '27.5.1' ],
164 silly audit   'dir-glob': [ '3.0.1' ],
164 silly audit   dlv: [ '1.1.3' ],
164 silly audit   'dns-packet': [ '5.6.1' ],
164 silly audit   doctrine: [ '3.0.0', '2.1.0' ],
164 silly audit   'dom-converter': [ '0.2.0' ],
164 silly audit   'dom-serializer': [ '1.4.1', '0.2.2' ],
164 silly audit   domelementtype: [ '2.3.0', '1.3.1' ],
164 silly audit   domexception: [ '2.0.1' ],
164 silly audit   'webidl-conversions': [ '5.0.0', '6.1.0', '4.0.2' ],
164 silly audit   domhandler: [ '4.3.1' ],
164 silly audit   domutils: [ '2.8.0', '1.7.0' ],
164 silly audit   'dot-case': [ '3.0.4' ],
164 silly audit   dotenv: [ '10.0.0' ],
164 silly audit   'dotenv-expand': [ '5.1.0' ],
164 silly audit   'dunder-proto': [ '1.0.1' ],
164 silly audit   duplexer: [ '0.1.2' ],
164 silly audit   duplexer2: [ '0.1.4' ],
164 silly audit   eastasianwidth: [ '0.2.0' ],
164 silly audit   'ee-first': [ '1.1.1' ],
164 silly audit   ejs: [ '3.1.10' ],
164 silly audit   'electron-to-chromium': [ '1.5.142' ],
164 silly audit   emittery: [ '0.8.1', '0.10.2' ],
164 silly audit   'emoji-regex': [ '9.2.2', '8.0.0' ],
164 silly audit   'emojis-list': [ '3.0.0' ],
164 silly audit   encodeurl: [ '2.0.0', '1.0.2' ],
164 silly audit   'end-of-stream': [ '1.4.4' ],
164 silly audit   'enhanced-resolve': [ '5.18.1' ],
164 silly audit   entities: [ '2.2.0' ],
164 silly audit   'error-ex': [ '1.3.2' ],
164 silly audit   'error-stack-parser': [ '2.1.4' ],
164 silly audit   'es-abstract': [ '1.23.9' ],
164 silly audit   'es-array-method-boxes-properly': [ '1.0.0' ],
164 silly audit   'es-define-property': [ '1.0.1' ],
164 silly audit   'es-errors': [ '1.3.0' ],
164 silly audit   'es-iterator-helpers': [ '1.2.1' ],
164 silly audit   'es-module-lexer': [ '1.7.0' ],
164 silly audit   'es-object-atoms': [ '1.1.1' ],
164 silly audit   'es-set-tostringtag': [ '2.1.0' ],
164 silly audit   'es-shim-unscopables': [ '1.1.0' ],
164 silly audit   'es-to-primitive': [ '1.3.0' ],
164 silly audit   escalade: [ '3.2.0' ],
164 silly audit   'escape-html': [ '1.0.3' ],
164 silly audit   escodegen: [ '2.1.0', '1.14.3' ],
164 silly audit   eslint: [ '8.57.1' ],
164 silly audit   'eslint-config-react-app': [ '7.0.1' ],
164 silly audit   'eslint-import-resolver-node': [ '0.3.9' ],
164 silly audit   'eslint-module-utils': [ '2.12.0' ],
164 silly audit   'eslint-plugin-flowtype': [ '8.0.3' ],
164 silly audit   'eslint-plugin-import': [ '2.31.0' ],
164 silly audit   'eslint-plugin-jest': [ '25.7.0' ],
164 silly audit   'eslint-plugin-jsx-a11y': [ '6.10.2' ],
164 silly audit   'eslint-plugin-react': [ '7.37.5' ],
164 silly audit   'eslint-plugin-react-hooks': [ '4.6.2' ],
164 silly audit   resolve: [ '2.0.0-next.5', '1.22.10' ],
164 silly audit   'eslint-plugin-testing-library': [ '5.11.1' ],
164 silly audit   'eslint-webpack-plugin': [ '3.2.0' ],
164 silly audit   'jest-worker': [ '28.1.3', '27.5.1', '26.6.2' ],
164 silly audit   'find-up': [ '5.0.0', '4.1.0', '3.0.0' ],
164 silly audit   'locate-path': [ '6.0.0', '5.0.0', '3.0.0' ],
164 silly audit   'p-limit': [ '3.1.0', '2.3.0' ],
164 silly audit   'p-locate': [ '5.0.0', '4.1.0', '3.0.0' ],
164 silly audit   espree: [ '9.6.1' ],
164 silly audit   esprima: [ '4.0.1', '1.2.2' ],
164 silly audit   esquery: [ '1.6.0' ],
164 silly audit   esrecurse: [ '4.3.0' ],
164 silly audit   'estree-walker': [ '1.0.1' ],
164 silly audit   esutils: [ '2.0.3' ],
164 silly audit   etag: [ '1.8.1' ],
164 silly audit   eventemitter3: [ '4.0.7' ],
164 silly audit   events: [ '3.3.0' ],
164 silly audit   exceljs: [ '4.4.0' ],
164 silly audit   execa: [ '5.1.1' ],
164 silly audit   exit: [ '0.1.2' ],
164 silly audit   expect: [ '27.5.1' ],
164 silly audit   express: [ '4.21.2' ],
164 silly audit   'fast-csv': [ '4.3.6' ],
164 silly audit   'fast-deep-equal': [ '3.1.3' ],
164 silly audit   'fast-glob': [ '3.3.3' ],
164 silly audit   'fast-json-stable-stringify': [ '2.1.0' ],
164 silly audit   'fast-levenshtein': [ '2.0.6' ],
164 silly audit   'fast-uri': [ '3.0.6' ],
164 silly audit   fastq: [ '1.19.1' ],
164 silly audit   'faye-websocket': [ '0.11.4' ],
164 silly audit   'fb-watchman': [ '2.0.2' ],
164 silly audit   'file-entry-cache': [ '6.0.1' ],
164 silly audit   'file-loader': [ '6.2.0' ],
164 silly audit   'file-saver': [ '2.0.5' ],
164 silly audit   filelist: [ '1.0.4' ],
164 silly audit   minimatch: [ '5.1.6', '3.1.2', '9.0.5' ],
164 silly audit   filesize: [ '8.0.7' ],
164 silly audit   'fill-range': [ '7.1.1' ],
164 silly audit   finalhandler: [ '1.3.1' ],
164 silly audit   'find-cache-dir': [ '3.3.2' ],
164 silly audit   'flat-cache': [ '3.2.0' ],
164 silly audit   flatted: [ '3.3.3' ],
164 silly audit   'follow-redirects': [ '1.15.9' ],
164 silly audit   'for-each': [ '0.3.5' ],
164 silly audit   'foreground-child': [ '3.3.1' ],
164 silly audit   'signal-exit': [ '4.1.0', '3.0.7' ],
164 silly audit   'fork-ts-checker-webpack-plugin': [ '6.5.3' ],
164 silly audit   'fs-extra': [ '9.1.0', '10.1.0' ],
164 silly audit   tapable: [ '1.1.3', '2.2.1' ],
164 silly audit   'form-data': [ '3.0.3' ],
164 silly audit   forwarded: [ '0.2.0' ],
164 silly audit   'fraction.js': [ '4.3.7' ],
164 silly audit   fresh: [ '0.5.2' ],
164 silly audit   'fs-constants': [ '1.0.0' ],
164 silly audit   'fs-monkey': [ '1.0.6' ],
164 silly audit   'fs.realpath': [ '1.0.0' ],
164 silly audit   fsevents: [ '2.3.3' ],
164 silly audit   fstream: [ '1.0.12' ],
164 silly audit   rimraf: [ '2.7.1', '3.0.2' ],
164 silly audit   'function-bind': [ '1.1.2' ],
164 silly audit   'function.prototype.name': [ '1.1.8' ],
164 silly audit   'functions-have-names': [ '1.2.3' ],
164 silly audit   gensync: [ '1.0.0-beta.2' ],
164 silly audit   'get-caller-file': [ '2.0.5' ],
164 silly audit   'get-intrinsic': [ '1.3.0' ],
164 silly audit   'get-own-enumerable-property-symbols': [ '3.0.2' ],
164 silly audit   'get-package-type': [ '0.1.0' ],
164 silly audit   'get-proto': [ '1.0.1' ],
164 silly audit   'get-stream': [ '6.0.1' ],
164 silly audit   'get-symbol-description': [ '1.1.0' ],
164 silly audit   glob: [ '7.2.3', '10.4.5' ],
164 silly audit   'glob-to-regexp': [ '0.4.1' ],
164 silly audit   'global-modules': [ '2.0.0' ],
164 silly audit   'global-prefix': [ '3.0.0' ],
164 silly audit   which: [ '1.3.1', '2.0.2' ],
164 silly audit   globalthis: [ '1.0.4' ],
164 silly audit   globby: [ '11.1.0' ],
164 silly audit   gopd: [ '1.2.0' ],
164 silly audit   'graceful-fs': [ '4.2.11' ],
164 silly audit   graphemer: [ '1.4.0' ],
164 silly audit   'gzip-size': [ '6.0.0' ],
164 silly audit   'handle-thing': [ '2.0.1' ],
164 silly audit   'harmony-reflect': [ '1.6.2' ],
164 silly audit   'has-bigints': [ '1.1.0' ],
164 silly audit   'has-property-descriptors': [ '1.0.2' ],
164 silly audit   'has-proto': [ '1.2.0' ],
164 silly audit   'has-symbols': [ '1.1.0' ],
164 silly audit   'has-tostringtag': [ '1.0.2' ],
164 silly audit   hasown: [ '2.0.2' ],
164 silly audit   he: [ '1.2.0' ],
164 silly audit   hoopy: [ '0.1.4' ],
164 silly audit   'hpack.js': [ '2.1.6' ],
164 silly audit   'html-encoding-sniffer': [ '2.0.1' ],
164 silly audit   'html-entities': [ '2.6.0' ],
164 silly audit   'html-escaper': [ '2.0.2' ],
164 silly audit   'html-minifier-terser': [ '6.1.0' ],
164 silly audit   'html-webpack-plugin': [ '5.6.3' ],
164 silly audit   htmlparser2: [ '6.1.0' ],
164 silly audit   'http-deceiver': [ '1.2.7' ],
164 silly audit   'http-errors': [ '2.0.0', '1.6.3' ],
164 silly audit   'http-parser-js': [ '0.5.10' ],
164 silly audit   'http-proxy': [ '1.18.1' ],
164 silly audit   'http-proxy-agent': [ '4.0.1' ],
164 silly audit   'http-proxy-middleware': [ '2.0.9' ],
164 silly audit   'https-proxy-agent': [ '5.0.1' ],
164 silly audit   'human-signals': [ '2.1.0' ],
164 silly audit   'icss-utils': [ '5.1.0' ],
164 silly audit   idb: [ '7.1.1' ],
164 silly audit   'identity-obj-proxy': [ '3.0.0' ],
164 silly audit   ieee754: [ '1.2.1' ],
164 silly audit   ignore: [ '5.3.2' ],
164 silly audit   immediate: [ '3.0.6' ],
164 silly audit   immer: [ '9.0.21' ],
164 silly audit   'import-fresh': [ '3.3.1' ],
164 silly audit   'resolve-from': [ '4.0.0', '5.0.0' ],
164 silly audit   'import-local': [ '3.2.0' ],
164 silly audit   imurmurhash: [ '0.1.4' ],
164 silly audit   'indent-string': [ '4.0.0' ],
164 silly audit   inflight: [ '1.0.6' ],
164 silly audit   inherits: [ '2.0.4', '2.0.3' ],
164 silly audit   ini: [ '1.3.8' ],
164 silly audit   'internal-slot': [ '1.1.0' ],
164 silly audit   'ipaddr.js': [ '2.2.0', '1.9.1' ],
164 silly audit   'is-array-buffer': [ '3.0.5' ],
164 silly audit   'is-arrayish': [ '0.2.1' ],
164 silly audit   'is-async-function': [ '2.1.1' ],
164 silly audit   'is-bigint': [ '1.1.0' ],
164 silly audit   'is-binary-path': [ '2.1.0' ],
164 silly audit   'is-boolean-object': [ '1.2.2' ],
164 silly audit   'is-callable': [ '1.2.7' ],
164 silly audit   'is-core-module': [ '2.16.1' ],
164 silly audit   'is-data-view': [ '1.0.2' ],
164 silly audit   'is-date-object': [ '1.1.0' ],
164 silly audit   'is-docker': [ '2.2.1' ],
164 silly audit   'is-extglob': [ '2.1.1' ],
164 silly audit   'is-finalizationregistry': [ '1.1.1' ],
164 silly audit   'is-fullwidth-code-point': [ '3.0.0' ],
164 silly audit   'is-generator-fn': [ '2.1.0' ],
164 silly audit   'is-generator-function': [ '1.1.0' ],
164 silly audit   'is-glob': [ '4.0.3' ],
164 silly audit   'is-map': [ '2.0.3' ],
164 silly audit   'is-module': [ '1.0.0' ],
164 silly audit   'is-number': [ '7.0.0' ],
164 silly audit   'is-number-object': [ '1.1.1' ],
164 silly audit   'is-obj': [ '1.0.1' ],
164 silly audit   'is-path-inside': [ '3.0.3' ],
164 silly audit   'is-plain-obj': [ '3.0.0' ],
164 silly audit   'is-potential-custom-element-name': [ '1.0.1' ],
164 silly audit   'is-regex': [ '1.2.1' ],
164 silly audit   'is-regexp': [ '1.0.0' ],
164 silly audit   'is-root': [ '2.1.0' ],
164 silly audit   'is-set': [ '2.0.3' ],
164 silly audit   'is-shared-array-buffer': [ '1.0.4' ],
164 silly audit   'is-stream': [ '2.0.1' ],
164 silly audit   'is-string': [ '1.1.1' ],
164 silly audit   'is-symbol': [ '1.1.1' ],
164 silly audit   'is-typed-array': [ '1.1.15' ],
164 silly audit   'is-typedarray': [ '1.0.0' ],
164 silly audit   'is-weakmap': [ '2.0.2' ],
164 silly audit   'is-weakref': [ '1.1.1' ],
164 silly audit   'is-weakset': [ '2.0.4' ],
164 silly audit   'is-wsl': [ '2.2.0' ],
164 silly audit   isexe: [ '2.0.0' ],
164 silly audit   'istanbul-lib-coverage': [ '3.2.2' ],
164 silly audit   'istanbul-lib-instrument': [ '5.2.1' ],
164 silly audit   'istanbul-lib-report': [ '3.0.1' ],
164 silly audit   'make-dir': [ '4.0.0', '3.1.0' ],
164 silly audit   'istanbul-lib-source-maps': [ '4.0.1' ],
164 silly audit   'istanbul-reports': [ '3.1.7' ],
164 silly audit   'iterator.prototype': [ '1.1.5' ],
164 silly audit   jackspeak: [ '3.4.3' ],
164 silly audit   jake: [ '10.9.2' ],
164 silly audit   jest: [ '27.5.1' ],
164 silly audit   'jest-changed-files': [ '27.5.1' ],
164 silly audit   'jest-circus': [ '27.5.1' ],
164 silly audit   'jest-cli': [ '27.5.1' ],
164 silly audit   'jest-config': [ '27.5.1' ],
164 silly audit   'jest-diff': [ '27.5.1' ],
164 silly audit   'jest-docblock': [ '27.5.1' ],
164 silly audit   'jest-each': [ '27.5.1' ],
164 silly audit   'jest-environment-jsdom': [ '27.5.1' ],
164 silly audit   'jest-environment-node': [ '27.5.1' ],
164 silly audit   'jest-get-type': [ '27.5.1' ],
164 silly audit   'jest-haste-map': [ '27.5.1' ],
164 silly audit   'jest-jasmine2': [ '27.5.1' ],
164 silly audit   'jest-leak-detector': [ '27.5.1' ],
164 silly audit   'jest-matcher-utils': [ '27.5.1' ],
164 silly audit   'jest-message-util': [ '27.5.1', '28.1.3' ],
164 silly audit   'jest-mock': [ '27.5.1' ],
164 silly audit   'jest-pnp-resolver': [ '1.2.3' ],
164 silly audit   'jest-regex-util': [ '27.5.1', '28.0.2' ],
164 silly audit   'jest-resolve': [ '27.5.1' ],
164 silly audit   'jest-resolve-dependencies': [ '27.5.1' ],
164 silly audit   'jest-runner': [ '27.5.1' ],
164 silly audit   'jest-runtime': [ '27.5.1' ],
164 silly audit   'jest-serializer': [ '27.5.1' ],
164 silly audit   'jest-snapshot': [ '27.5.1' ],
164 silly audit   'jest-util': [ '27.5.1', '28.1.3' ],
164 silly audit   'jest-validate': [ '27.5.1' ],
164 silly audit   'jest-watch-typeahead': [ '1.1.0' ],
164 silly audit   slash: [ '3.0.0', '4.0.0' ],
164 silly audit   'jest-watcher': [ '28.1.3', '27.5.1' ],
164 silly audit   'string-length': [ '4.0.2', '5.0.1' ],
164 silly audit   'pretty-format': [ '28.1.3', '27.5.1' ],
164 silly audit   'react-is': [ '18.3.1', '16.13.1', '17.0.2' ],
164 silly audit   jiti: [ '1.21.7' ],
164 silly audit   'js-tokens': [ '4.0.0' ],
164 silly audit   jsdom: [ '16.7.0' ],
164 silly audit   jsesc: [ '3.1.0', '3.0.2' ],
164 silly audit   'json-buffer': [ '3.0.1' ],
164 silly audit   'json-parse-even-better-errors': [ '2.3.1' ],
164 silly audit   'json-schema': [ '0.4.0' ],
164 silly audit   'json-stable-stringify-without-jsonify': [ '1.0.1' ],
164 silly audit   json5: [ '2.2.3', '1.0.2' ],
164 silly audit   jsonfile: [ '6.1.0' ],
164 silly audit   jsonpath: [ '1.1.1' ],
164 silly audit   jsonpointer: [ '5.0.1' ],
164 silly audit   'jsx-ast-utils': [ '3.3.5' ],
164 silly audit   jszip: [ '3.10.1' ],
164 silly audit   keyv: [ '4.5.4' ],
164 silly audit   'kind-of': [ '6.0.3' ],
164 silly audit   kleur: [ '3.0.3' ],
164 silly audit   klona: [ '2.0.6' ],
164 silly audit   'language-subtag-registry': [ '0.3.23' ],
164 silly audit   'language-tags': [ '1.0.9' ],
164 silly audit   'launch-editor': [ '2.10.0' ],
164 silly audit   lazystream: [ '1.0.1' ],
164 silly audit   leven: [ '3.1.0' ],
164 silly audit   levn: [ '0.4.1', '0.3.0' ],
164 silly audit   lie: [ '3.3.0' ],
164 silly audit   lilconfig: [ '2.1.0', '3.1.3' ],
164 silly audit   'lines-and-columns': [ '1.2.4' ],
164 silly audit   listenercount: [ '1.0.1' ],
164 silly audit   'loader-runner': [ '4.3.0' ],
164 silly audit   'loader-utils': [ '2.0.4', '3.3.1' ],
164 silly audit   lodash: [ '4.17.21' ],
164 silly audit   'lodash.debounce': [ '4.0.8' ],
164 silly audit   'lodash.defaults': [ '4.2.0' ],
164 silly audit   'lodash.difference': [ '4.5.0' ],
164 silly audit   'lodash.escaperegexp': [ '4.1.2' ],
164 silly audit   'lodash.flatten': [ '4.4.0' ],
164 silly audit   'lodash.groupby': [ '4.6.0' ],
164 silly audit   'lodash.isboolean': [ '3.0.3' ],
164 silly audit   'lodash.isequal': [ '4.5.0' ],
164 silly audit   'lodash.isfunction': [ '3.0.9' ],
164 silly audit   'lodash.isnil': [ '4.0.0' ],
164 silly audit   'lodash.isplainobject': [ '4.0.6' ],
164 silly audit   'lodash.isundefined': [ '3.0.1' ],
164 silly audit   'lodash.memoize': [ '4.1.2' ],
164 silly audit   'lodash.merge': [ '4.6.2' ],
164 silly audit   'lodash.sortby': [ '4.7.0' ],
164 silly audit   'lodash.union': [ '4.6.0' ],
164 silly audit   'lodash.uniq': [ '4.5.0' ],
164 silly audit   'loose-envify': [ '1.4.0' ],
164 silly audit   'lower-case': [ '2.0.2' ],
164 silly audit   'lru-cache': [ '5.1.1', '10.4.3' ],
164 silly audit   'lz-string': [ '1.5.0' ],
164 silly audit   'magic-string': [ '0.25.9' ],
164 silly audit   makeerror: [ '1.0.12' ],
164 silly audit   'math-intrinsics': [ '1.1.0' ],
164 silly audit   'media-typer': [ '0.3.0' ],
164 silly audit   memfs: [ '3.5.3' ],
164 silly audit   'merge-descriptors': [ '1.0.3' ],
164 silly audit   'merge-stream': [ '2.0.0' ],
164 silly audit   merge2: [ '1.4.1' ],
164 silly audit   methods: [ '1.1.2' ],
164 silly audit   micromatch: [ '4.0.8' ],
164 silly audit   mime: [ '1.6.0' ],
164 silly audit   'mime-db': [ '1.52.0' ],
164 silly audit   'mime-types': [ '2.1.35' ],
164 silly audit   'mimic-fn': [ '2.1.0' ],
164 silly audit   'min-indent': [ '1.0.1' ],
164 silly audit   'mini-css-extract-plugin': [ '2.9.2' ],
164 silly audit   'minimalistic-assert': [ '1.0.1' ],
164 silly audit   minimist: [ '1.2.8' ],
164 silly audit   minipass: [ '7.1.2' ],
164 silly audit   mkdirp: [ '0.5.6' ],
164 silly audit   'multicast-dns': [ '7.2.5' ],
164 silly audit   mz: [ '2.7.0' ],
164 silly audit   nanoid: [ '3.3.11' ],
164 silly audit   'natural-compare': [ '1.4.0' ],
164 silly audit   'natural-compare-lite': [ '1.4.0' ],
164 silly audit   'neo-async': [ '2.6.2' ],
164 silly audit   'no-case': [ '3.0.4' ],
164 silly audit   'node-forge': [ '1.3.1' ],
164 silly audit   'node-int64': [ '0.4.0' ],
164 silly audit   'node-releases': [ '2.0.19' ],
164 silly audit   'normalize-path': [ '3.0.0' ],
164 silly audit   'normalize-range': [ '0.1.2' ],
164 silly audit   'normalize-url': [ '6.1.0' ],
164 silly audit   'npm-run-path': [ '4.0.1' ],
164 silly audit   'nth-check': [ '2.1.1', '1.0.2' ],
164 silly audit   nwsapi: [ '2.2.20' ],
164 silly audit   'object-assign': [ '4.1.1' ],
164 silly audit   'object-hash': [ '3.0.0' ],
164 silly audit   'object-inspect': [ '1.13.4' ],
164 silly audit   'object-keys': [ '1.1.1' ],
164 silly audit   'object.assign': [ '4.1.7' ],
164 silly audit   'object.entries': [ '1.1.9' ],
164 silly audit   'object.fromentries': [ '2.0.8' ],
164 silly audit   'object.getownpropertydescriptors': [ '2.1.8' ],
164 silly audit   'object.groupby': [ '1.0.3' ],
164 silly audit   'object.values': [ '1.2.1' ],
164 silly audit   obuf: [ '1.1.2' ],
164 silly audit   'on-finished': [ '2.4.1' ],
164 silly audit   'on-headers': [ '1.0.2' ],
164 silly audit   once: [ '1.4.0' ],
164 silly audit   onetime: [ '5.1.2' ],
164 silly audit   open: [ '8.4.2' ],
164 silly audit   optionator: [ '0.9.4', '0.8.3' ],
164 silly audit   'own-keys': [ '1.0.1' ],
164 silly audit   'p-retry': [ '4.6.2' ],
164 silly audit   'p-try': [ '2.2.0' ],
164 silly audit   'package-json-from-dist': [ '1.0.1' ],
164 silly audit   pako: [ '1.0.11' ],
164 silly audit   'param-case': [ '3.0.4' ],
164 silly audit   'parent-module': [ '1.0.1' ],
164 silly audit   'parse-json': [ '5.2.0' ],
164 silly audit   parse5: [ '6.0.1' ],
164 silly audit   parseurl: [ '1.3.3' ],
164 silly audit   'pascal-case': [ '3.1.2' ],
164 silly audit   'path-exists': [ '4.0.0', '3.0.0' ],
164 silly audit   'path-is-absolute': [ '1.0.1' ],
164 silly audit   'path-key': [ '3.1.1' ],
164 silly audit   'path-parse': [ '1.0.7' ],
164 silly audit   'path-scurry': [ '1.11.1' ],
164 silly audit   'path-to-regexp': [ '0.1.12' ],
164 silly audit   'path-type': [ '4.0.0' ],
164 silly audit   'performance-now': [ '2.1.0' ],
164 silly audit   picocolors: [ '1.1.1', '0.2.1' ],
164 silly audit   picomatch: [ '2.3.1' ],
164 silly audit   pify: [ '2.3.0' ],
164 silly audit   pirates: [ '4.0.7' ],
164 silly audit   'pkg-dir': [ '4.2.0' ],
164 silly audit   'pkg-up': [ '3.1.0' ],
164 silly audit   'possible-typed-array-names': [ '1.1.0' ],
164 silly audit   postcss: [ '8.5.3', '7.0.39' ],
164 silly audit   'postcss-attribute-case-insensitive': [ '5.0.2' ],
164 silly audit   'postcss-browser-comments': [ '4.0.0' ],
164 silly audit   'postcss-calc': [ '8.2.4' ],
164 silly audit   'postcss-clamp': [ '4.1.0' ],
164 silly audit   'postcss-color-functional-notation': [ '4.2.4' ],
164 silly audit   'postcss-color-hex-alpha': [ '8.0.4' ],
164 silly audit   'postcss-color-rebeccapurple': [ '7.1.1' ],
164 silly audit   'postcss-colormin': [ '5.3.1' ],
164 silly audit   'postcss-convert-values': [ '5.1.3' ],
164 silly audit   'postcss-custom-media': [ '8.0.2' ],
164 silly audit   'postcss-custom-properties': [ '12.1.11' ],
164 silly audit   'postcss-custom-selectors': [ '6.0.3' ],
164 silly audit   'postcss-dir-pseudo-class': [ '6.0.5' ],
164 silly audit   'postcss-discard-comments': [ '5.1.2' ],
164 silly audit   'postcss-discard-duplicates': [ '5.1.0' ],
164 silly audit   'postcss-discard-empty': [ '5.1.1' ],
164 silly audit   'postcss-discard-overridden': [ '5.1.0' ],
164 silly audit   'postcss-double-position-gradients': [ '3.1.2' ],
164 silly audit   'postcss-env-function': [ '4.0.6' ],
164 silly audit   'postcss-flexbugs-fixes': [ '5.0.2' ],
164 silly audit   'postcss-focus-visible': [ '6.0.4' ],
164 silly audit   'postcss-focus-within': [ '5.0.4' ],
164 silly audit   'postcss-font-variant': [ '5.0.0' ],
164 silly audit   'postcss-gap-properties': [ '3.0.5' ],
164 silly audit   'postcss-image-set-function': [ '4.0.7' ],
164 silly audit   'postcss-import': [ '15.1.0' ],
164 silly audit   'postcss-initial': [ '4.0.1' ],
164 silly audit   'postcss-js': [ '4.0.1' ],
164 silly audit   'postcss-lab-function': [ '4.2.1' ],
164 silly audit   'postcss-load-config': [ '4.0.2' ],
164 silly audit   yaml: [ '2.7.1', '1.10.2' ],
164 silly audit   'postcss-loader': [ '6.2.1' ],
164 silly audit   'postcss-logical': [ '5.0.4' ],
164 silly audit   'postcss-media-minmax': [ '5.0.0' ],
164 silly audit   'postcss-merge-longhand': [ '5.1.7' ],
164 silly audit   'postcss-merge-rules': [ '5.1.4' ],
164 silly audit   'postcss-minify-font-values': [ '5.1.0' ],
164 silly audit   'postcss-minify-gradients': [ '5.1.1' ],
164 silly audit   'postcss-minify-params': [ '5.1.4' ],
164 silly audit   'postcss-minify-selectors': [ '5.2.1' ],
164 silly audit   'postcss-modules-extract-imports': [ '3.1.0' ],
164 silly audit   'postcss-modules-local-by-default': [ '4.2.0' ],
164 silly audit   'postcss-selector-parser': [ '7.1.0', '6.1.2' ],
164 silly audit   'postcss-modules-scope': [ '3.2.1' ],
164 silly audit   'postcss-modules-values': [ '4.0.0' ],
164 silly audit   'postcss-nested': [ '6.2.0' ],
164 silly audit   'postcss-nesting': [ '10.2.0' ],
164 silly audit   'postcss-normalize': [ '10.0.1' ],
164 silly audit   'postcss-normalize-charset': [ '5.1.0' ],
164 silly audit   'postcss-normalize-display-values': [ '5.1.0' ],
164 silly audit   'postcss-normalize-positions': [ '5.1.1' ],
164 silly audit   'postcss-normalize-repeat-style': [ '5.1.1' ],
164 silly audit   'postcss-normalize-string': [ '5.1.0' ],
164 silly audit   'postcss-normalize-timing-functions': [ '5.1.0' ],
164 silly audit   'postcss-normalize-unicode': [ '5.1.1' ],
164 silly audit   'postcss-normalize-url': [ '5.1.0' ],
164 silly audit   'postcss-normalize-whitespace': [ '5.1.1' ],
164 silly audit   'postcss-opacity-percentage': [ '1.1.3' ],
164 silly audit   'postcss-ordered-values': [ '5.1.3' ],
164 silly audit   'postcss-overflow-shorthand': [ '3.0.4' ],
164 silly audit   'postcss-page-break': [ '3.0.4' ],
164 silly audit   'postcss-place': [ '7.0.5' ],
164 silly audit   'postcss-preset-env': [ '7.8.3' ],
164 silly audit   'postcss-pseudo-class-any-link': [ '7.1.6' ],
164 silly audit   'postcss-reduce-initial': [ '5.1.2' ],
164 silly audit   'postcss-reduce-transforms': [ '5.1.0' ],
164 silly audit   'postcss-replace-overflow-wrap': [ '4.0.0' ],
164 silly audit   'postcss-selector-not': [ '6.0.1' ],
164 silly audit   'postcss-svgo': [ '5.1.0' ],
164 silly audit   svgo: [ '2.8.0', '1.3.2' ],
164 silly audit   'postcss-unique-selectors': [ '5.1.1' ],
164 silly audit   'postcss-value-parser': [ '4.2.0' ],
164 silly audit   'prelude-ls': [ '1.2.1', '1.1.2' ],
164 silly audit   'pretty-bytes': [ '5.6.0' ],
164 silly audit   'pretty-error': [ '4.0.0' ],
164 silly audit   'process-nextick-args': [ '2.0.1' ],
164 silly audit   promise: [ '8.3.0' ],
164 silly audit   prompts: [ '2.4.2' ],
164 silly audit   'prop-types': [ '15.8.1' ],
164 silly audit   'proxy-addr': [ '2.0.7' ],
164 silly audit   psl: [ '1.15.0' ],
164 silly audit   punycode: [ '2.3.1' ],
164 silly audit   q: [ '1.5.1' ],
164 silly audit   qs: [ '6.13.0' ],
164 silly audit   querystringify: [ '2.2.0' ],
164 silly audit   'queue-microtask': [ '1.2.3' ],
164 silly audit   raf: [ '3.4.1' ],
164 silly audit   randombytes: [ '2.1.0' ],
164 silly audit   'range-parser': [ '1.2.1' ],
164 silly audit   'raw-body': [ '2.5.2' ],
164 silly audit   react: [ '19.1.0' ],
164 silly audit   'react-app-polyfill': [ '3.0.0' ],
164 silly audit   'regenerator-runtime': [ '0.13.11', '0.14.1' ],
164 silly audit   'react-dev-utils': [ '12.0.1' ],
164 silly audit   'react-dom': [ '19.1.0' ],
164 silly audit   'react-error-overlay': [ '6.1.0' ],
164 silly audit   'react-refresh': [ '0.11.0' ],
164 silly audit   'react-router': [ '7.5.2' ],
164 silly audit   'react-router-dom': [ '7.5.2' ],
164 silly audit   'react-scripts': [ '5.0.1' ],
164 silly audit   'read-cache': [ '1.0.0' ],
164 silly audit   'readdir-glob': [ '1.1.3' ],
164 silly audit   readdirp: [ '3.6.0' ],
164 silly audit   'recursive-readdir': [ '2.2.3' ],
164 silly audit   redent: [ '3.0.0' ],
164 silly audit   'reflect.getprototypeof': [ '1.0.10' ],
164 silly audit   regenerate: [ '1.4.2' ],
164 silly audit   'regenerate-unicode-properties': [ '10.2.0' ],
164 silly audit   'regenerator-transform': [ '0.15.2' ],
164 silly audit   'regex-parser': [ '2.3.1' ],
164 silly audit   'regexp.prototype.flags': [ '1.5.4' ],
164 silly audit   'regexpu-core': [ '6.2.0' ],
164 silly audit   regjsgen: [ '0.8.0' ],
164 silly audit   regjsparser: [ '0.12.0' ],
164 silly audit   relateurl: [ '0.2.7' ],
164 silly audit   renderkid: [ '3.0.0' ],
164 silly audit   'require-directory': [ '2.1.1' ],
164 silly audit   'require-from-string': [ '2.0.2' ],
164 silly audit   'requires-port': [ '1.0.0' ],
164 silly audit   'resolve-cwd': [ '3.0.0' ],
164 silly audit   'resolve-url-loader': [ '4.0.0' ],
164 silly audit   'resolve.exports': [ '1.1.1' ],
164 silly audit   retry: [ '0.13.1' ],
164 silly audit   reusify: [ '1.1.0' ],
164 silly audit   rollup: [ '2.79.2' ],
164 silly audit   'rollup-plugin-terser': [ '7.0.2' ],
164 silly audit   'serialize-javascript': [ '4.0.0', '6.0.2' ],
164 silly audit   'run-parallel': [ '1.2.0' ],
164 silly audit   'safe-array-concat': [ '1.1.3' ],
164 silly audit   'safe-push-apply': [ '1.0.0' ],
164 silly audit   'safe-regex-test': [ '1.1.0' ],
164 silly audit   'safer-buffer': [ '2.1.2' ],
164 silly audit   'sanitize.css': [ '13.0.0' ],
164 silly audit   'sass-loader': [ '12.6.0' ],
164 silly audit   sax: [ '1.2.4' ],
164 silly audit   saxes: [ '5.0.1' ],
164 silly audit   scheduler: [ '0.26.0' ],
164 silly audit   'select-hose': [ '2.0.0' ],
164 silly audit   selfsigned: [ '2.4.1' ],
164 silly audit   send: [ '0.19.0' ],
164 silly audit   'serve-index': [ '1.9.1' ],
164 silly audit   setprototypeof: [ '1.1.0', '1.2.0' ],
164 silly audit   statuses: [ '1.5.0', '2.0.1' ],
164 silly audit   'serve-static': [ '1.16.2' ],
164 silly audit   'set-cookie-parser': [ '2.7.1' ],
164 silly audit   'set-function-length': [ '1.2.2' ],
164 silly audit   'set-function-name': [ '2.0.2' ],
164 silly audit   'set-proto': [ '1.0.0' ],
164 silly audit   setimmediate: [ '1.0.5' ],
164 silly audit   'shebang-command': [ '2.0.0' ],
164 silly audit   'shebang-regex': [ '3.0.0' ],
164 silly audit   'shell-quote': [ '1.8.2' ],
164 silly audit   'side-channel': [ '1.1.0' ],
164 silly audit   'side-channel-list': [ '1.0.0' ],
164 silly audit   'side-channel-map': [ '1.0.1' ],
164 silly audit   'side-channel-weakmap': [ '1.0.2' ],
164 silly audit   sisteransi: [ '1.0.5' ],
164 silly audit   sockjs: [ '0.3.24' ],
164 silly audit   'source-list-map': [ '2.0.1' ],
164 silly audit   'source-map-js': [ '1.2.1' ],
164 silly audit   'source-map-loader': [ '3.0.2' ],
164 silly audit   'source-map-support': [ '0.5.21' ],
164 silly audit   'sourcemap-codec': [ '1.4.8' ],
164 silly audit   spdy: [ '4.0.2' ],
164 silly audit   'spdy-transport': [ '3.0.0' ],
164 silly audit   'sprintf-js': [ '1.0.3' ],
164 silly audit   stable: [ '0.1.8' ],
164 silly audit   'stack-utils': [ '2.0.6' ],
164 silly audit   stackframe: [ '1.3.4' ],
164 silly audit   'static-eval': [ '2.0.2' ],
164 silly audit   'type-check': [ '0.3.2', '0.4.0' ],
164 silly audit   'string-natural-compare': [ '3.0.1' ],
164 silly audit   'string.prototype.includes': [ '2.0.1' ],
164 silly audit   'string.prototype.matchall': [ '4.0.12' ],
164 silly audit   'string.prototype.repeat': [ '1.0.0' ],
164 silly audit   'string.prototype.trim': [ '1.2.10' ],
164 silly audit   'string.prototype.trimend': [ '1.0.9' ],
164 silly audit   'string.prototype.trimstart': [ '1.0.8' ],
164 silly audit   'stringify-object': [ '3.3.0' ],
164 silly audit   'strip-bom': [ '4.0.0', '3.0.0' ],
164 silly audit   'strip-comments': [ '2.0.1' ],
164 silly audit   'strip-final-newline': [ '2.0.0' ],
164 silly audit   'strip-indent': [ '3.0.0' ],
164 silly audit   'strip-json-comments': [ '3.1.1' ],
164 silly audit   'style-loader': [ '3.3.4' ],
164 silly audit   stylehacks: [ '5.1.1' ],
164 silly audit   sucrase: [ '3.35.0' ],
164 silly audit   'supports-hyperlinks': [ '2.3.0' ],
164 silly audit   'supports-preserve-symlinks-flag': [ '1.0.0' ],
164 silly audit   'svg-parser': [ '2.0.4' ],
164 silly audit   'symbol-tree': [ '3.2.4' ],
164 silly audit   tailwindcss: [ '3.4.17' ],
164 silly audit   'tar-stream': [ '2.2.0' ],
164 silly audit   'temp-dir': [ '2.0.0' ],
164 silly audit   tempy: [ '0.6.0' ],
164 silly audit   'terminal-link': [ '2.1.1' ],
164 silly audit   terser: [ '5.39.0' ],
164 silly audit   'terser-webpack-plugin': [ '5.3.14' ],
164 silly audit   'test-exclude': [ '6.0.0' ],
164 silly audit   'text-table': [ '0.2.0' ],
164 silly audit   thenify: [ '3.3.1' ],
164 silly audit   'thenify-all': [ '1.6.0' ],
164 silly audit   throat: [ '6.0.2' ],
164 silly audit   thunky: [ '1.1.0' ],
164 silly audit   tmp: [ '0.2.3' ],
164 silly audit   tmpl: [ '1.0.5' ],
164 silly audit   'to-regex-range': [ '5.0.1' ],
164 silly audit   toidentifier: [ '1.0.1' ],
164 silly audit   'tough-cookie': [ '4.1.4' ],
164 silly audit   universalify: [ '0.2.0', '2.0.1' ],
164 silly audit   tr46: [ '2.1.0', '1.0.1' ],
164 silly audit   traverse: [ '0.3.9' ],
164 silly audit   tryer: [ '1.0.1' ],
164 silly audit   'ts-interface-checker': [ '0.1.13' ],
164 silly audit   'tsconfig-paths': [ '3.15.0' ],
164 silly audit   tslib: [ '2.8.1', '1.14.1' ],
164 silly audit   tsutils: [ '3.21.0' ],
164 silly audit   'turbo-stream': [ '2.4.0' ],
164 silly audit   'type-detect': [ '4.0.8' ],
164 silly audit   'type-is': [ '1.6.18' ],
164 silly audit   'typed-array-buffer': [ '1.0.3' ],
164 silly audit   'typed-array-byte-length': [ '1.0.3' ],
164 silly audit   'typed-array-byte-offset': [ '1.0.4' ],
164 silly audit   'typed-array-length': [ '1.0.7' ],
164 silly audit   'typedarray-to-buffer': [ '3.1.5' ],
164 silly audit   typescript: [ '4.9.5' ],
164 silly audit   'unbox-primitive': [ '1.1.0' ],
164 silly audit   underscore: [ '1.12.1' ],
164 silly audit   'undici-types': [ '6.21.0' ],
164 silly audit   'unicode-canonical-property-names-ecmascript': [ '2.0.1' ],
164 silly audit   'unicode-match-property-ecmascript': [ '2.0.0' ],
164 silly audit   'unicode-match-property-value-ecmascript': [ '2.2.0' ],
164 silly audit   'unicode-property-aliases-ecmascript': [ '2.1.0' ],
164 silly audit   'unique-string': [ '2.0.0' ],
164 silly audit   unpipe: [ '1.0.0' ],
164 silly audit   unquote: [ '1.1.1' ],
164 silly audit   unzipper: [ '0.10.14' ],
164 silly audit   upath: [ '1.2.0' ],
164 silly audit   'update-browserslist-db': [ '1.1.3' ],
164 silly audit   'uri-js': [ '4.4.1' ],
164 silly audit   'url-parse': [ '1.5.10' ],
164 silly audit   'util-deprecate': [ '1.0.2' ],
164 silly audit   'util.promisify': [ '1.0.1' ],
164 silly audit   utila: [ '0.4.0' ],
164 silly audit   'utils-merge': [ '1.0.1' ],
164 silly audit   uuid: [ '8.3.2' ],
164 silly audit   'v8-to-istanbul': [ '8.1.1' ],
164 silly audit   vary: [ '1.1.2' ],
164 silly audit   'w3c-hr-time': [ '1.0.2' ],
164 silly audit   'w3c-xmlserializer': [ '2.0.0' ],
164 silly audit   walker: [ '1.0.8' ],
164 silly audit   watchpack: [ '2.4.2' ],
164 silly audit   wbuf: [ '1.7.3' ],
164 silly audit   'web-vitals': [ '2.1.4' ],
164 silly audit   webpack: [ '5.99.7' ],
164 silly audit   'webpack-dev-middleware': [ '5.3.4' ],
164 silly audit   'webpack-dev-server': [ '4.15.2' ],
164 silly audit   ws: [ '8.18.1', '7.5.10' ],
164 silly audit   'webpack-manifest-plugin': [ '4.1.1' ],
164 silly audit   'webpack-sources': [ '2.3.1', '3.2.3', '1.4.3' ],
164 silly audit   'websocket-driver': [ '0.7.4' ],
164 silly audit   'websocket-extensions': [ '0.1.4' ],
164 silly audit   'whatwg-encoding': [ '1.0.5' ],
164 silly audit   'whatwg-fetch': [ '3.6.20' ],
164 silly audit   'whatwg-mimetype': [ '2.3.0' ],
164 silly audit   'whatwg-url': [ '8.7.0', '7.1.0' ],
164 silly audit   'which-boxed-primitive': [ '1.1.1' ],
164 silly audit   'which-builtin-type': [ '1.2.1' ],
164 silly audit   'which-collection': [ '1.0.2' ],
164 silly audit   'which-typed-array': [ '1.1.19' ],
164 silly audit   'word-wrap': [ '1.2.5' ],
164 silly audit   'workbox-background-sync': [ '6.6.0' ],
164 silly audit   'workbox-broadcast-update': [ '6.6.0' ],
164 silly audit   'workbox-build': [ '6.6.0' ],
164 silly audit   '@apideck/better-ajv-errors': [ '0.3.6' ],
164 silly audit   'workbox-cacheable-response': [ '6.6.0' ],
164 silly audit   'workbox-core': [ '6.6.0' ],
164 silly audit   'workbox-expiration': [ '6.6.0' ],
164 silly audit   'workbox-google-analytics': [ '6.6.0' ],
164 silly audit   'workbox-navigation-preload': [ '6.6.0' ],
164 silly audit   'workbox-precaching': [ '6.6.0' ],
164 silly audit   'workbox-range-requests': [ '6.6.0' ],
164 silly audit   'workbox-recipes': [ '6.6.0' ],
164 silly audit   'workbox-routing': [ '6.6.0' ],
164 silly audit   'workbox-strategies': [ '6.6.0' ],
164 silly audit   'workbox-streams': [ '6.6.0' ],
164 silly audit   'workbox-sw': [ '6.6.0' ],
164 silly audit   'workbox-webpack-plugin': [ '6.6.0' ],
164 silly audit   'workbox-window': [ '6.6.0' ],
164 silly audit   wrappy: [ '1.0.2' ],
164 silly audit   'write-file-atomic': [ '3.0.3' ],
164 silly audit   'xml-name-validator': [ '3.0.0' ],
164 silly audit   xmlchars: [ '2.2.0' ],
164 silly audit   y18n: [ '5.0.8' ],
164 silly audit   yallist: [ '3.1.1' ],
164 silly audit   yargs: [ '16.2.0' ],
164 silly audit   'yargs-parser': [ '20.2.9' ],
164 silly audit   'yocto-queue': [ '0.1.0' ],
164 silly audit   'zip-stream': [ '4.1.1' ],
164 silly audit   '@popperjs/core': [ '2.11.8' ],
164 silly audit   bootstrap: [ '5.3.5' ],
164 silly audit   'bootstrap-icons': [ '1.11.3' ],
164 silly audit   'react-bootstrap': [ '2.10.9' ],
164 silly audit   '@restart/hooks': [ '0.4.16', '0.5.1' ],
164 silly audit   '@restart/ui': [ '1.9.4' ],
164 silly audit   '@types/prop-types': [ '15.7.14' ],
164 silly audit   '@types/react-transition-group': [ '4.4.12' ],
164 silly audit   '@types/react': [ '19.1.2' ],
164 silly audit   classnames: [ '2.5.1' ],
164 silly audit   'dom-helpers': [ '5.2.1' ],
164 silly audit   invariant: [ '2.2.4' ],
164 silly audit   'prop-types-extra': [ '1.1.1' ],
164 silly audit   'react-transition-group': [ '4.4.5' ],
164 silly audit   uncontrollable: [ '7.2.1', '8.0.4' ],
164 silly audit   warning: [ '4.0.3' ],
164 silly audit   '@react-aria/ssr': [ '3.9.8' ],
164 silly audit   '@types/warning': [ '3.0.3' ],
164 silly audit   '@swc/helpers': [ '0.5.17' ],
164 silly audit   csstype: [ '3.1.3' ],
164 silly audit   'react-lifecycles-compat': [ '3.0.4' ]
164 silly audit }
165 http cache csstype@https://registry.npmjs.org/csstype/-/csstype-3.1.3.tgz 0ms (cache hit)
166 http cache @types/warning@https://registry.npmjs.org/@types/warning/-/warning-3.0.3.tgz 0ms (cache hit)
167 http cache @react-aria/ssr@https://registry.npmjs.org/@react-aria/ssr/-/ssr-3.9.8.tgz 0ms (cache hit)
168 http cache warning@https://registry.npmjs.org/warning/-/warning-4.0.3.tgz 0ms (cache hit)
169 http cache uncontrollable@https://registry.npmjs.org/uncontrollable/-/uncontrollable-7.2.1.tgz 0ms (cache hit)
170 http cache react-transition-group@https://registry.npmjs.org/react-transition-group/-/react-transition-group-4.4.5.tgz 0ms (cache hit)
171 http cache prop-types-extra@https://registry.npmjs.org/prop-types-extra/-/prop-types-extra-1.1.1.tgz 0ms (cache hit)
172 http cache invariant@https://registry.npmjs.org/invariant/-/invariant-2.2.4.tgz 0ms (cache hit)
173 http cache dom-helpers@https://registry.npmjs.org/dom-helpers/-/dom-helpers-5.2.1.tgz 0ms (cache hit)
174 http cache classnames@https://registry.npmjs.org/classnames/-/classnames-2.5.1.tgz 0ms (cache hit)
175 http cache @types/react@https://registry.npmjs.org/@types/react/-/react-19.1.2.tgz 0ms (cache hit)
176 http cache @types/react-transition-group@https://registry.npmjs.org/@types/react-transition-group/-/react-transition-group-4.4.12.tgz 0ms (cache hit)
177 http cache @types/prop-types@https://registry.npmjs.org/@types/prop-types/-/prop-types-15.7.14.tgz 0ms (cache hit)
178 http cache @restart/ui@https://registry.npmjs.org/@restart/ui/-/ui-1.9.4.tgz 0ms (cache hit)
179 http cache @restart/hooks@https://registry.npmjs.org/@restart/hooks/-/hooks-0.4.16.tgz 0ms (cache hit)
180 http cache react-bootstrap@https://registry.npmjs.org/react-bootstrap/-/react-bootstrap-2.10.9.tgz 0ms (cache hit)
181 http cache bootstrap@https://registry.npmjs.org/bootstrap/-/bootstrap-5.3.5.tgz 0ms (cache hit)
182 http cache react-is@https://registry.npmjs.org/react-is/-/react-is-16.13.1.tgz 0ms (cache hit)
183 http cache @popperjs/core@https://registry.npmjs.org/@popperjs/core/-/core-2.11.8.tgz 0ms (cache hit)
184 http cache bootstrap-icons@https://registry.npmjs.org/bootstrap-icons/-/bootstrap-icons-1.11.3.tgz 0ms (cache hit)
185 http cache uncontrollable@https://registry.npmjs.org/uncontrollable/-/uncontrollable-8.0.4.tgz 0ms (cache hit)
186 http cache @restart/hooks@https://registry.npmjs.org/@restart/hooks/-/hooks-0.5.1.tgz 0ms (cache hit)
187 http cache @swc/helpers@https://registry.npmjs.org/@swc/helpers/-/helpers-0.5.17.tgz 0ms (cache hit)
188 http cache react-lifecycles-compat@https://registry.npmjs.org/react-lifecycles-compat/-/react-lifecycles-compat-3.0.4.tgz 0ms (cache hit)
189 silly tarball no local data for @types/warning@https://registry.npmjs.org/@types/warning/-/warning-3.0.3.tgz. Extracting by manifest.
190 silly tarball no local data for @react-aria/ssr@https://registry.npmjs.org/@react-aria/ssr/-/ssr-3.9.8.tgz. Extracting by manifest.
191 silly tarball no local data for react-transition-group@https://registry.npmjs.org/react-transition-group/-/react-transition-group-4.4.5.tgz. Extracting by manifest.
192 silly tarball no local data for warning@https://registry.npmjs.org/warning/-/warning-4.0.3.tgz. Extracting by manifest.
193 silly tarball no local data for uncontrollable@https://registry.npmjs.org/uncontrollable/-/uncontrollable-7.2.1.tgz. Extracting by manifest.
194 silly tarball no local data for prop-types-extra@https://registry.npmjs.org/prop-types-extra/-/prop-types-extra-1.1.1.tgz. Extracting by manifest.
195 silly tarball no local data for invariant@https://registry.npmjs.org/invariant/-/invariant-2.2.4.tgz. Extracting by manifest.
196 silly tarball no local data for dom-helpers@https://registry.npmjs.org/dom-helpers/-/dom-helpers-5.2.1.tgz. Extracting by manifest.
197 silly tarball no local data for classnames@https://registry.npmjs.org/classnames/-/classnames-2.5.1.tgz. Extracting by manifest.
198 silly tarball no local data for @types/prop-types@https://registry.npmjs.org/@types/prop-types/-/prop-types-15.7.14.tgz. Extracting by manifest.
199 silly tarball no local data for @restart/ui@https://registry.npmjs.org/@restart/ui/-/ui-1.9.4.tgz. Extracting by manifest.
200 silly tarball no local data for @restart/hooks@https://registry.npmjs.org/@restart/hooks/-/hooks-0.4.16.tgz. Extracting by manifest.
201 silly tarball no local data for react-bootstrap@https://registry.npmjs.org/react-bootstrap/-/react-bootstrap-2.10.9.tgz. Extracting by manifest.
202 silly tarball no local data for bootstrap@https://registry.npmjs.org/bootstrap/-/bootstrap-5.3.5.tgz. Extracting by manifest.
203 silly tarball no local data for @popperjs/core@https://registry.npmjs.org/@popperjs/core/-/core-2.11.8.tgz. Extracting by manifest.
204 silly tarball no local data for @types/react-transition-group@https://registry.npmjs.org/@types/react-transition-group/-/react-transition-group-4.4.12.tgz. Extracting by manifest.
205 silly tarball no local data for bootstrap-icons@https://registry.npmjs.org/bootstrap-icons/-/bootstrap-icons-1.11.3.tgz. Extracting by manifest.
206 silly tarball no local data for uncontrollable@https://registry.npmjs.org/uncontrollable/-/uncontrollable-8.0.4.tgz. Extracting by manifest.
207 silly tarball no local data for @restart/hooks@https://registry.npmjs.org/@restart/hooks/-/hooks-0.5.1.tgz. Extracting by manifest.
208 silly tarball no local data for @swc/helpers@https://registry.npmjs.org/@swc/helpers/-/helpers-0.5.17.tgz. Extracting by manifest.
209 silly tarball no local data for react-lifecycles-compat@https://registry.npmjs.org/react-lifecycles-compat/-/react-lifecycles-compat-3.0.4.tgz. Extracting by manifest.
210 http fetch GET 200 https://registry.npmjs.org/warning/-/warning-4.0.3.tgz 131ms (cache miss)
211 http fetch GET 200 https://registry.npmjs.org/uncontrollable/-/uncontrollable-7.2.1.tgz 132ms (cache miss)
212 http fetch GET 200 https://registry.npmjs.org/prop-types-extra/-/prop-types-extra-1.1.1.tgz 133ms (cache miss)
213 http fetch GET 200 https://registry.npmjs.org/invariant/-/invariant-2.2.4.tgz 179ms (cache miss)
214 http fetch GET 200 https://registry.npmjs.org/@types/prop-types/-/prop-types-15.7.14.tgz 228ms (cache miss)
215 http fetch GET 200 https://registry.npmjs.org/uncontrollable/-/uncontrollable-8.0.4.tgz 233ms (cache miss)
216 http fetch GET 200 https://registry.npmjs.org/@react-aria/ssr/-/ssr-3.9.8.tgz 243ms (cache miss)
217 http fetch GET 200 https://registry.npmjs.org/react-lifecycles-compat/-/react-lifecycles-compat-3.0.4.tgz 250ms (cache miss)
218 http fetch GET 200 https://registry.npmjs.org/react-transition-group/-/react-transition-group-4.4.5.tgz 303ms (cache miss)
219 http fetch GET 200 https://registry.npmjs.org/@types/react-transition-group/-/react-transition-group-4.4.12.tgz 438ms (cache miss)
220 http fetch GET 200 https://registry.npmjs.org/classnames/-/classnames-2.5.1.tgz 731ms (cache miss)
221 http fetch GET 200 https://registry.npmjs.org/@types/warning/-/warning-3.0.3.tgz 746ms (cache miss)
222 http fetch GET 200 https://registry.npmjs.org/@restart/hooks/-/hooks-0.4.16.tgz 741ms (cache miss)
223 http fetch GET 200 https://registry.npmjs.org/@popperjs/core/-/core-2.11.8.tgz 932ms (cache miss)
224 http fetch GET 200 https://registry.npmjs.org/dom-helpers/-/dom-helpers-5.2.1.tgz 1012ms (cache miss)
225 http fetch GET 200 https://registry.npmjs.org/@restart/ui/-/ui-1.9.4.tgz 1236ms (cache miss)
226 http fetch GET 200 https://registry.npmjs.org/@restart/hooks/-/hooks-0.5.1.tgz 1248ms (cache miss)
227 http fetch POST 200 https://registry.npmjs.org/-/npm/v1/security/advisories/bulk 1294ms
228 silly audit report {
228 silly audit report   'nth-check': [
228 silly audit report     {
228 silly audit report       id: 1095141,
228 silly audit report       url: 'https://github.com/advisories/GHSA-rp65-9cf3-cjxr',
228 silly audit report       title: 'Inefficient Regular Expression Complexity in nth-check',
228 silly audit report       severity: 'high',
228 silly audit report       vulnerable_versions: '<2.0.1',
228 silly audit report       cwe: [Array],
228 silly audit report       cvss: [Object]
228 silly audit report     }
228 silly audit report   ],
228 silly audit report   postcss: [
228 silly audit report     {
228 silly audit report       id: 1094544,
228 silly audit report       url: 'https://github.com/advisories/GHSA-7fh5-64p2-3v2j',
228 silly audit report       title: 'PostCSS line return parsing error',
228 silly audit report       severity: 'moderate',
228 silly audit report       vulnerable_versions: '<8.4.31',
228 silly audit report       cwe: [Array],
228 silly audit report       cvss: [Object]
228 silly audit report     }
228 silly audit report   ]
228 silly audit report }
229 silly packumentCache corgi:https://registry.npmjs.org/nth-check cache-miss
230 silly packumentCache corgi:https://registry.npmjs.org/postcss cache-miss
231 http fetch GET 200 https://registry.npmjs.org/nth-check 139ms (cache updated)
232 silly packumentCache corgi:https://registry.npmjs.org/nth-check set size:undefined disposed:false
233 http fetch GET 200 https://registry.npmjs.org/postcss 175ms (cache updated)
234 silly packumentCache corgi:https://registry.npmjs.org/postcss set size:undefined disposed:false
235 silly packumentCache corgi:https://registry.npmjs.org/css-select cache-miss
236 http fetch GET 200 https://registry.npmjs.org/css-select 176ms (cache updated)
237 silly packumentCache corgi:https://registry.npmjs.org/css-select set size:undefined disposed:false
238 silly packumentCache corgi:https://registry.npmjs.org/resolve-url-loader cache-miss
239 http fetch GET 200 https://registry.npmjs.org/resolve-url-loader 106ms (cache updated)
240 silly packumentCache corgi:https://registry.npmjs.org/resolve-url-loader set size:undefined disposed:false
241 silly packumentCache corgi:https://registry.npmjs.org/svgo cache-miss
242 http fetch GET 200 https://registry.npmjs.org/bootstrap/-/bootstrap-5.3.5.tgz 1748ms (cache miss)
243 http fetch GET 200 https://registry.npmjs.org/@swc/helpers/-/helpers-0.5.17.tgz 1789ms (cache miss)
244 http fetch GET 200 https://registry.npmjs.org/svgo 90ms (cache updated)
245 silly packumentCache corgi:https://registry.npmjs.org/svgo set size:undefined disposed:false
246 silly packumentCache corgi:https://registry.npmjs.org/react-scripts cache-miss
247 http fetch GET 200 https://registry.npmjs.org/react-bootstrap/-/react-bootstrap-2.10.9.tgz 1824ms (cache miss)
248 http fetch GET 200 https://registry.npmjs.org/react-scripts 117ms (cache updated)
249 silly packumentCache corgi:https://registry.npmjs.org/react-scripts set size:undefined disposed:false
250 silly packumentCache corgi:https://registry.npmjs.org/@svgr%2fplugin-svgo cache-miss
251 http fetch GET 200 https://registry.npmjs.org/bootstrap-icons/-/bootstrap-icons-1.11.3.tgz 2082ms (cache miss)
252 http fetch GET 200 https://registry.npmjs.org/@svgr%2fplugin-svgo 184ms (cache updated)
253 silly packumentCache corgi:https://registry.npmjs.org/@svgr%2fplugin-svgo set size:undefined disposed:false
254 silly packumentCache corgi:https://registry.npmjs.org/@svgr%2fwebpack cache-miss
255 http fetch GET 200 https://registry.npmjs.org/@svgr%2fwebpack 1341ms (cache updated)
256 silly packumentCache corgi:https://registry.npmjs.org/@svgr%2fwebpack set size:undefined disposed:false
257 silly ADD node_modules/react-lifecycles-compat
258 silly ADD node_modules/csstype
259 silly ADD node_modules/@swc/helpers
260 silly ADD node_modules/@types/warning
261 silly ADD node_modules/@react-aria/ssr
262 silly ADD node_modules/warning
263 silly ADD node_modules/uncontrollable
264 silly ADD node_modules/react-transition-group
265 silly ADD node_modules/prop-types-extra
266 silly ADD node_modules/prop-types-extra/node_modules/react-is
267 silly ADD node_modules/invariant
268 silly ADD node_modules/dom-helpers
269 silly ADD node_modules/classnames
270 silly ADD node_modules/@types/react
271 silly ADD node_modules/@types/react-transition-group
272 silly ADD node_modules/@types/prop-types
273 silly ADD node_modules/@restart/ui
274 silly ADD node_modules/@restart/ui/node_modules/uncontrollable
275 silly ADD node_modules/@restart/ui/node_modules/@restart/hooks
276 silly ADD node_modules/@restart/hooks
277 silly ADD node_modules/react-bootstrap
278 silly ADD node_modules/bootstrap-icons
279 silly ADD node_modules/bootstrap
280 silly ADD node_modules/@popperjs/core
281 verbose cwd /home/mario/meu-sistema-vacinacao
282 verbose os Linux 5.15.167.4-microsoft-standard-WSL2
283 verbose node v22.14.0
284 verbose npm  v11.3.0
285 verbose exit 0
286 info ok
